2025-01-05 03:48:05 - You select: dump-1736030825.pcap
2025-01-05 03:48:05 - Out folder: ./
2025-01-05 03:48:06 - CICFlowMeter received 1 pcap file
2025-01-05 04:02:05 - You select: dump-1736031665.pcap
2025-01-05 04:02:05 - Out folder: ./
2025-01-05 04:02:06 - CICFlowMeter received 1 pcap file
2025-01-05 04:24:06 - You select: dump-1736032985.pcap
2025-01-05 04:24:06 - Out folder: ./
2025-01-05 04:24:06 - CICFlowMeter received 1 pcap file
2025-01-05 04:31:05 - You select: dump-1736033405.pcap
2025-01-05 04:31:05 - Out folder: ./
2025-01-05 04:31:06 - CICFlowMeter received 1 pcap file
2025-01-05 05:01:41 - You select: dump-1736035240.pcap
2025-01-05 05:01:41 - Out folder: ./
2025-01-05 05:01:42 - CICFlowMeter received 1 pcap file
2025-01-05 05:07:41 - You select: dump-1736035600.pcap
2025-01-05 05:07:41 - Out folder: ./
2025-01-05 05:07:41 - CICFlowMeter received 1 pcap file
2025-01-05 05:09:41 - You select: dump-1736035720.pcap
2025-01-05 05:09:41 - Out folder: ./
2025-01-05 05:09:41 - CICFlowMeter received 1 pcap file
2025-01-05 05:15:41 - You select: dump-1736036080.pcap
2025-01-05 05:15:41 - Out folder: ./
2025-01-05 05:15:42 - CICFlowMeter received 1 pcap file
2025-01-05 05:58:41 - You select: dump-1736038660.pcap
2025-01-05 05:58:41 - Out folder: ./
2025-01-05 05:58:41 - CICFlowMeter received 1 pcap file
2025-01-05 05:59:41 - You select: dump-1736038720.pcap
2025-01-05 05:59:41 - Out folder: ./
2025-01-05 05:59:42 - CICFlowMeter received 1 pcap file
2025-01-05 06:00:41 - You select: dump-1736038780.pcap
2025-01-05 06:00:41 - Out folder: ./
2025-01-05 06:00:41 - CICFlowMeter received 1 pcap file
2025-01-05 06:01:41 - You select: dump-1736038840.pcap
2025-01-05 06:01:41 - Out folder: ./
2025-01-05 06:01:41 - CICFlowMeter received 1 pcap file
2025-01-05 06:02:41 - You select: dump-1736038900.pcap
2025-01-05 06:02:41 - Out folder: ./
2025-01-05 06:02:41 - CICFlowMeter received 1 pcap file
2025-01-05 06:03:41 - You select: dump-1736038960.pcap
2025-01-05 06:03:41 - Out folder: ./
2025-01-05 06:03:41 - CICFlowMeter received 1 pcap file
2025-01-05 06:11:41 - You select: dump-1736039440.pcap
2025-01-05 06:11:41 - Out folder: ./
2025-01-05 06:11:41 - CICFlowMeter received 1 pcap file
2025-01-05 06:14:41 - You select: dump-1736039620.pcap
2025-01-05 06:14:41 - Out folder: ./
2025-01-05 06:14:41 - CICFlowMeter received 1 pcap file
2025-01-05 06:15:41 - You select: dump-1736039680.pcap
2025-01-05 06:15:41 - Out folder: ./
2025-01-05 06:15:42 - CICFlowMeter received 1 pcap file
2025-01-05 06:16:41 - You select: dump-1736039740.pcap
2025-01-05 06:16:41 - Out folder: ./
2025-01-05 06:16:41 - CICFlowMeter received 1 pcap file
2025-01-05 06:18:41 - You select: dump-1736039860.pcap
2025-01-05 06:18:41 - Out folder: ./
2025-01-05 06:18:42 - CICFlowMeter received 1 pcap file
2025-01-05 06:26:41 - You select: dump-1736040340.pcap
2025-01-05 06:26:41 - Out folder: ./
2025-01-05 06:26:41 - CICFlowMeter received 1 pcap file
2025-01-05 06:33:41 - You select: dump-1736040761.pcap
2025-01-05 06:33:41 - Out folder: ./
2025-01-05 06:33:42 - CICFlowMeter received 1 pcap file
2025-01-05 06:40:41 - You select: dump-1736041181.pcap
2025-01-05 06:40:41 - Out folder: ./
2025-01-05 06:40:42 - CICFlowMeter received 1 pcap file
2025-01-05 06:47:41 - You select: dump-1736041601.pcap
2025-01-05 06:47:41 - Out folder: ./
2025-01-05 06:47:42 - CICFlowMeter received 1 pcap file
2025-01-05 06:55:41 - You select: dump-1736042081.pcap
2025-01-05 06:55:41 - Out folder: ./
2025-01-05 06:55:41 - CICFlowMeter received 1 pcap file
2025-01-05 07:03:41 - You select: dump-1736042561.pcap
2025-01-05 07:03:41 - Out folder: ./
2025-01-05 07:03:42 - CICFlowMeter received 1 pcap file
2025-01-05 07:04:41 - You select: dump-1736042621.pcap
2025-01-05 07:04:41 - Out folder: ./
2025-01-05 07:04:42 - CICFlowMeter received 1 pcap file
2025-01-05 07:05:41 - You select: dump-1736042681.pcap
2025-01-05 07:05:41 - Out folder: ./
2025-01-05 07:05:42 - CICFlowMeter received 1 pcap file
2025-01-05 07:06:41 - You select: dump-1736042741.pcap
2025-01-05 07:06:41 - Out folder: ./
2025-01-05 07:06:42 - CICFlowMeter received 1 pcap file
2025-01-05 07:07:41 - You select: dump-1736042801.pcap
2025-01-05 07:07:41 - Out folder: ./
2025-01-05 07:07:41 - CICFlowMeter received 1 pcap file
2025-01-05 07:08:41 - You select: dump-1736042861.pcap
2025-01-05 07:08:41 - Out folder: ./
2025-01-05 07:08:42 - CICFlowMeter received 1 pcap file
2025-01-05 07:09:41 - You select: dump-1736042921.pcap
2025-01-05 07:09:41 - Out folder: ./
2025-01-05 07:09:42 - CICFlowMeter received 1 pcap file
2025-01-06 05:02:37 - You select: dump-1736121696.pcap
2025-01-06 05:02:37 - Out folder: ./
2025-01-06 05:02:38 - CICFlowMeter received 1 pcap file
2025-01-06 05:03:36 - You select: dump-1736121756.pcap
2025-01-06 05:03:36 - Out folder: ./
2025-01-06 05:03:37 - CICFlowMeter received 1 pcap file
2025-01-06 05:04:37 - You select: dump-1736121816.pcap
2025-01-06 05:04:37 - Out folder: ./
2025-01-06 05:04:38 - CICFlowMeter received 1 pcap file
2025-01-06 05:29:36 - Please select output folder!
2025-01-06 05:31:37 - Please select output folder!
2025-01-06 05:32:37 - Please select output folder!
2025-01-06 05:35:36 - You select: dump-1736123676.pcap
2025-01-06 05:35:36 - Out folder: .
2025-01-06 05:35:37 - CICFlowMeter received 1 pcap file
2025-01-06 05:38:36 - You select: dump-1736123856.pcap
2025-01-06 05:38:36 - Out folder: .
2025-01-06 05:38:37 - CICFlowMeter received 1 pcap file
2025-01-06 05:45:37 - You select: dump-1736124276.pcap
2025-01-06 05:45:37 - Out folder: .
2025-01-06 05:45:37 - CICFlowMeter received 1 pcap file
2025-01-06 05:54:37 - You select: dump-1736124816.pcap
2025-01-06 05:54:37 - Out folder: .
2025-01-06 05:54:37 - CICFlowMeter received 1 pcap file
2025-01-06 06:03:37 - You select: dump-1736125356.pcap
2025-01-06 06:03:37 - Out folder: .
2025-01-06 06:03:37 - CICFlowMeter received 1 pcap file
2025-01-06 06:04:37 - You select: dump-1736125416.pcap
2025-01-06 06:04:37 - Out folder: .
2025-01-06 06:04:37 - CICFlowMeter received 1 pcap file
2025-01-06 06:05:37 - You select: dump-1736125476.pcap
2025-01-06 06:05:37 - Out folder: .
2025-01-06 06:05:37 - CICFlowMeter received 1 pcap file
2025-01-06 06:10:37 - You select: dump-1736125776.pcap
2025-01-06 06:10:37 - Out folder: .
2025-01-06 06:10:37 - CICFlowMeter received 1 pcap file
2025-01-06 06:12:37 - You select: dump-1736125896.pcap
2025-01-06 06:12:37 - Out folder: .
2025-01-06 06:12:38 - CICFlowMeter received 1 pcap file
2025-01-06 06:13:37 - You select: dump-1736125956.pcap
2025-01-06 06:13:37 - Out folder: .
2025-01-06 06:13:37 - CICFlowMeter received 1 pcap file
2025-01-06 06:14:37 - You select: dump-1736126016.pcap
2025-01-06 06:14:37 - Out folder: .
2025-01-06 06:14:37 - CICFlowMeter received 1 pcap file
2025-01-06 06:18:26 - The pcap file or folder does not exist! -> dump-1736030430.pcap
2025-01-06 06:19:12 - The pcap file or folder does not exist! -> dump-1736030430.pcap
2025-01-06 06:19:41 - You select: /home/zayn/Desktop/IDS-ML/CICFlowMeter/bin/dump-1736030430.pcap
2025-01-06 06:19:41 - Out folder: /flow3
2025-01-06 06:19:41 - CICFlowMeter received 1 pcap file
