2025-01-05 05:37:36 INFO  cic.cs.unb.ca.ifm.Cmd    Please select pcap!
2025-01-05 05:38:53 INFO  cic.cs.unb.ca.ifm.Cmd    You select: /home/zayn/Desktop/IDS-ML/dump-1736030430.pcap
2025-01-05 05:38:53 INFO  cic.cs.unb.ca.ifm.Cmd    Out folder: csv
2025-01-05 05:38:53 INFO  cic.cs.unb.ca.ifm.Cmd    CICFlowMeter received 1 pcap file
2025-01-05 05:38:54 DEBUG cic.cs.unb.ca.jnetpcap.PacketReader    null
********************************************************************************
0000:*d4 6d 6d b6  fa 1c 8c 68  3a 4d 61 c7  08 06 00 01*   .mm....h:Ma.....
0010: 08 00 06 04  00 02 8c 68  3a 4d 61 c7  c0 a8 12 01    .......h:Ma.....
0020: d4 6d 6d b6  fa 1c c0 a8  12 5b*                      .mm......[      


2025-01-05 05:38:54 DEBUG cic.cs.unb.ca.jnetpcap.FlowGenerator    FlagFIN current has 15 flow
2025-01-05 05:38:54 DEBUG cic.cs.unb.ca.jnetpcap.FlowGenerator    FlagFIN current has 17 flow
2025-01-05 05:38:54 DEBUG cic.cs.unb.ca.jnetpcap.FlowGenerator    FlagFIN current has 17 flow
2025-01-05 05:38:54 DEBUG cic.cs.unb.ca.jnetpcap.PacketReader    Read All packets on /home/zayn/Desktop/IDS-ML/dump-1736030430.pcap
2025-01-05 05:43:35 INFO  cic.cs.unb.ca.ifm.Cmd    You select: dump-1736030430.pcap
2025-01-05 05:43:35 INFO  cic.cs.unb.ca.ifm.Cmd    Out folder: ./
2025-01-05 05:43:36 INFO  cic.cs.unb.ca.ifm.Cmd    CICFlowMeter received 1 pcap file
2025-01-05 05:43:36 DEBUG cic.cs.unb.ca.jnetpcap.PacketReader    null
********************************************************************************
0000:*d4 6d 6d b6  fa 1c 8c 68  3a 4d 61 c7  08 06 00 01*   .mm....h:Ma.....
0010: 08 00 06 04  00 02 8c 68  3a 4d 61 c7  c0 a8 12 01    .......h:Ma.....
0020: d4 6d 6d b6  fa 1c c0 a8  12 5b*                      .mm......[      


2025-01-05 05:43:36 DEBUG cic.cs.unb.ca.jnetpcap.FlowGenerator    FlagFIN current has 15 flow
2025-01-05 05:43:36 DEBUG cic.cs.unb.ca.jnetpcap.FlowGenerator    FlagFIN current has 17 flow
2025-01-05 05:43:36 DEBUG cic.cs.unb.ca.jnetpcap.FlowGenerator    FlagFIN current has 17 flow
2025-01-05 05:43:36 DEBUG cic.cs.unb.ca.jnetpcap.PacketReader    Read All packets on dump-1736030430.pcap
2025-01-05 06:39:39 INFO  cic.cs.unb.ca.ifm.Cmd    Please select pcap!
2025-01-05 06:42:51 INFO  cic.cs.unb.ca.ifm.Cmd    You select: dump-1736030430.pcap
2025-01-05 06:42:51 INFO  cic.cs.unb.ca.ifm.Cmd    Out folder: hello
2025-01-05 06:42:51 INFO  cic.cs.unb.ca.ifm.Cmd    CICFlowMeter received 1 pcap file
2025-01-05 06:42:51 DEBUG cic.cs.unb.ca.jnetpcap.PacketReader    null
********************************************************************************
0000:*d4 6d 6d b6  fa 1c 8c 68  3a 4d 61 c7  08 06 00 01*   .mm....h:Ma.....
0010: 08 00 06 04  00 02 8c 68  3a 4d 61 c7  c0 a8 12 01    .......h:Ma.....
0020: d4 6d 6d b6  fa 1c c0 a8  12 5b*                      .mm......[      


2025-01-05 06:42:51 DEBUG cic.cs.unb.ca.jnetpcap.FlowGenerator    FlagFIN current has 15 flow
2025-01-05 06:42:52 DEBUG cic.cs.unb.ca.jnetpcap.FlowGenerator    FlagFIN current has 17 flow
2025-01-05 06:42:52 DEBUG cic.cs.unb.ca.jnetpcap.FlowGenerator    FlagFIN current has 17 flow
2025-01-05 06:42:52 DEBUG cic.cs.unb.ca.jnetpcap.PacketReader    Read All packets on dump-1736030430.pcap
