2025-03-10 16:34:25 INFO  cic.cs.unb.ca.ifm.Cmd    You select: /home/zayn/Desktop/IDS-ML/data_Capture/dump-1741606403.pcap
2025-03-10 16:34:25 INFO  cic.cs.unb.ca.ifm.Cmd    Out folder: /home/zayn/Desktop/IDS-ML
2025-03-10 16:34:26 INFO  cic.cs.unb.ca.ifm.Cmd    CICFlowMeter received 1 pcap file
2025-03-10 16:34:28 DEBUG cic.cs.unb.ca.jnetpcap.PacketReader    Read All packets on /home/zayn/Desktop/IDS-ML/data_Capture/dump-1741606403.pcap
2025-03-10 16:35:23 INFO  cic.cs.unb.ca.ifm.Cmd    You select: /home/zayn/Desktop/IDS-ML/data_Capture/dump-1741606463.pcap
2025-03-10 16:35:23 INFO  cic.cs.unb.ca.ifm.Cmd    Out folder: /home/zayn/Desktop/IDS-ML
2025-03-10 16:35:24 INFO  cic.cs.unb.ca.ifm.Cmd    CICFlowMeter received 1 pcap file
2025-03-10 16:35:24 DEBUG cic.cs.unb.ca.jnetpcap.PacketReader    Read All packets on /home/zayn/Desktop/IDS-ML/data_Capture/dump-1741606463.pcap
2025-03-10 16:36:24 INFO  cic.cs.unb.ca.ifm.Cmd    You select: /home/zayn/Desktop/IDS-ML/data_Capture/dump-1741606523.pcap
2025-03-10 16:36:24 INFO  cic.cs.unb.ca.ifm.Cmd    Out folder: /home/zayn/Desktop/IDS-ML
2025-03-10 16:36:24 INFO  cic.cs.unb.ca.ifm.Cmd    CICFlowMeter received 1 pcap file
2025-03-10 16:36:26 DEBUG cic.cs.unb.ca.jnetpcap.PacketReader    Read All packets on /home/zayn/Desktop/IDS-ML/data_Capture/dump-1741606523.pcap
2025-03-10 16:37:24 INFO  cic.cs.unb.ca.ifm.Cmd    You select: /home/zayn/Desktop/IDS-ML/data_Capture/dump-1741606583.pcap
2025-03-10 16:37:24 INFO  cic.cs.unb.ca.ifm.Cmd    Out folder: /home/zayn/Desktop/IDS-ML
2025-03-10 16:37:25 INFO  cic.cs.unb.ca.ifm.Cmd    CICFlowMeter received 1 pcap file
2025-03-10 16:37:26 DEBUG cic.cs.unb.ca.jnetpcap.PacketReader    null
********************************************************************************
0000:*d4 6d 6d b6  fa 1c 8c 68  3a 4d 61 c7  08 06 00 01*   .mm....h:Ma.....
0010: 08 00 06 04  00 02 8c 68  3a 4d 61 c7  c0 a8 12 01    .......h:Ma.....
0020: d4 6d 6d b6  fa 1c c0 a8  12 5b*                      .mm......[      


2025-03-10 16:37:26 DEBUG cic.cs.unb.ca.jnetpcap.PacketReader    null
********************************************************************************
0000:*d4 6d 6d b6  fa 1c 8c 68  3a 4d 61 c7  08 06 00 01*   .mm....h:Ma.....
0010: 08 00 06 04  00 02 8c 68  3a 4d 61 c7  c0 a8 12 01    .......h:Ma.....
0020: d4 6d 6d b6  fa 1c c0 a8  12 5b*                      .mm......[      


2025-03-10 16:37:26 DEBUG cic.cs.unb.ca.jnetpcap.PacketReader    Read All packets on /home/zayn/Desktop/IDS-ML/data_Capture/dump-1741606583.pcap
2025-03-10 16:38:24 INFO  cic.cs.unb.ca.ifm.Cmd    You select: /home/zayn/Desktop/IDS-ML/data_Capture/dump-1741606643.pcap
2025-03-10 16:38:24 INFO  cic.cs.unb.ca.ifm.Cmd    Out folder: /home/zayn/Desktop/IDS-ML
2025-03-10 16:38:24 INFO  cic.cs.unb.ca.ifm.Cmd    CICFlowMeter received 1 pcap file
2025-03-10 16:38:25 DEBUG cic.cs.unb.ca.jnetpcap.PacketReader    Read All packets on /home/zayn/Desktop/IDS-ML/data_Capture/dump-1741606643.pcap
2025-03-10 16:39:24 INFO  cic.cs.unb.ca.ifm.Cmd    You select: /home/zayn/Desktop/IDS-ML/data_Capture/dump-1741606703.pcap
2025-03-10 16:39:24 INFO  cic.cs.unb.ca.ifm.Cmd    Out folder: /home/zayn/Desktop/IDS-ML
2025-03-10 16:39:24 INFO  cic.cs.unb.ca.ifm.Cmd    CICFlowMeter received 1 pcap file
2025-03-10 16:39:25 DEBUG cic.cs.unb.ca.jnetpcap.PacketReader    Read All packets on /home/zayn/Desktop/IDS-ML/data_Capture/dump-1741606703.pcap
2025-03-10 16:40:25 INFO  cic.cs.unb.ca.ifm.Cmd    You select: /home/zayn/Desktop/IDS-ML/data_Capture/dump-1741606763.pcap
2025-03-10 16:40:25 INFO  cic.cs.unb.ca.ifm.Cmd    Out folder: /home/zayn/Desktop/IDS-ML
2025-03-10 16:40:26 INFO  cic.cs.unb.ca.ifm.Cmd    CICFlowMeter received 1 pcap file
2025-03-10 16:40:26 DEBUG cic.cs.unb.ca.jnetpcap.PacketReader    null
********************************************************************************
0000:*d4 6d 6d b6  fa 1c 8c 68  3a 4d 61 c7  08 06 00 01*   .mm....h:Ma.....
0010: 08 00 06 04  00 02 8c 68  3a 4d 61 c7  c0 a8 12 01    .......h:Ma.....
0020: d4 6d 6d b6  fa 1c c0 a8  12 5b*                      .mm......[      


2025-03-10 16:40:26 DEBUG cic.cs.unb.ca.jnetpcap.PacketReader    Read All packets on /home/zayn/Desktop/IDS-ML/data_Capture/dump-1741606763.pcap
2025-03-10 16:41:23 INFO  cic.cs.unb.ca.ifm.Cmd    You select: /home/zayn/Desktop/IDS-ML/data_Capture/dump-1741606823.pcap
2025-03-10 16:41:23 INFO  cic.cs.unb.ca.ifm.Cmd    Out folder: /home/zayn/Desktop/IDS-ML
2025-03-10 16:41:24 INFO  cic.cs.unb.ca.ifm.Cmd    CICFlowMeter received 1 pcap file
2025-03-10 16:41:24 DEBUG cic.cs.unb.ca.jnetpcap.PacketReader    null
********************************************************************************
0000:*d4 6d 6d b6  fa 1c 8c 68  3a 4d 61 c7  08 06 00 01*   .mm....h:Ma.....
0010: 08 00 06 04  00 02 8c 68  3a 4d 61 c7  c0 a8 12 01    .......h:Ma.....
0020: d4 6d 6d b6  fa 1c c0 a8  12 5b*                      .mm......[      


2025-03-10 16:41:24 DEBUG cic.cs.unb.ca.jnetpcap.PacketReader    Read All packets on /home/zayn/Desktop/IDS-ML/data_Capture/dump-1741606823.pcap
2025-03-10 16:42:23 INFO  cic.cs.unb.ca.ifm.Cmd    You select: /home/zayn/Desktop/IDS-ML/data_Capture/dump-1741606883.pcap
2025-03-10 16:42:23 INFO  cic.cs.unb.ca.ifm.Cmd    Out folder: /home/zayn/Desktop/IDS-ML
2025-03-10 16:42:24 INFO  cic.cs.unb.ca.ifm.Cmd    CICFlowMeter received 1 pcap file
2025-03-10 16:42:24 DEBUG cic.cs.unb.ca.jnetpcap.PacketReader    Read All packets on /home/zayn/Desktop/IDS-ML/data_Capture/dump-1741606883.pcap
2025-03-10 16:43:23 INFO  cic.cs.unb.ca.ifm.Cmd    You select: /home/zayn/Desktop/IDS-ML/data_Capture/dump-1741606943.pcap
2025-03-10 16:43:23 INFO  cic.cs.unb.ca.ifm.Cmd    Out folder: /home/zayn/Desktop/IDS-ML
2025-03-10 16:43:24 INFO  cic.cs.unb.ca.ifm.Cmd    CICFlowMeter received 1 pcap file
2025-03-10 16:43:25 DEBUG cic.cs.unb.ca.jnetpcap.PacketReader    Read All packets on /home/zayn/Desktop/IDS-ML/data_Capture/dump-1741606943.pcap
2025-03-10 16:44:23 INFO  cic.cs.unb.ca.ifm.Cmd    You select: /home/zayn/Desktop/IDS-ML/data_Capture/dump-1741607003.pcap
2025-03-10 16:44:23 INFO  cic.cs.unb.ca.ifm.Cmd    Out folder: /home/zayn/Desktop/IDS-ML
2025-03-10 16:44:24 INFO  cic.cs.unb.ca.ifm.Cmd    CICFlowMeter received 1 pcap file
2025-03-10 16:44:24 DEBUG cic.cs.unb.ca.jnetpcap.PacketReader    Read All packets on /home/zayn/Desktop/IDS-ML/data_Capture/dump-1741607003.pcap
2025-03-10 16:45:23 INFO  cic.cs.unb.ca.ifm.Cmd    You select: /home/zayn/Desktop/IDS-ML/data_Capture/dump-1741607063.pcap
2025-03-10 16:45:23 INFO  cic.cs.unb.ca.ifm.Cmd    Out folder: /home/zayn/Desktop/IDS-ML
2025-03-10 16:45:24 INFO  cic.cs.unb.ca.ifm.Cmd    CICFlowMeter received 1 pcap file
2025-03-10 16:45:24 DEBUG cic.cs.unb.ca.jnetpcap.PacketReader    Read All packets on /home/zayn/Desktop/IDS-ML/data_Capture/dump-1741607063.pcap
2025-03-10 16:46:23 INFO  cic.cs.unb.ca.ifm.Cmd    You select: /home/zayn/Desktop/IDS-ML/data_Capture/dump-1741607123.pcap
2025-03-10 16:46:23 INFO  cic.cs.unb.ca.ifm.Cmd    Out folder: /home/zayn/Desktop/IDS-ML
2025-03-10 16:46:24 INFO  cic.cs.unb.ca.ifm.Cmd    CICFlowMeter received 1 pcap file
2025-03-10 16:46:25 DEBUG cic.cs.unb.ca.jnetpcap.PacketReader    Read All packets on /home/zayn/Desktop/IDS-ML/data_Capture/dump-1741607123.pcap
2025-03-10 16:47:24 INFO  cic.cs.unb.ca.ifm.Cmd    You select: /home/zayn/Desktop/IDS-ML/data_Capture/dump-1741607183.pcap
2025-03-10 16:47:24 INFO  cic.cs.unb.ca.ifm.Cmd    Out folder: /home/zayn/Desktop/IDS-ML
2025-03-10 16:47:24 INFO  cic.cs.unb.ca.ifm.Cmd    CICFlowMeter received 1 pcap file
2025-03-10 16:47:25 DEBUG cic.cs.unb.ca.jnetpcap.PacketReader    null
********************************************************************************
0000:*d4 6d 6d b6  fa 1c 8c 68  3a 4d 61 c7  08 06 00 01*   .mm....h:Ma.....
0010: 08 00 06 04  00 02 8c 68  3a 4d 61 c7  c0 a8 12 01    .......h:Ma.....
0020: d4 6d 6d b6  fa 1c c0 a8  12 5b*                      .mm......[      


2025-03-10 16:47:25 DEBUG cic.cs.unb.ca.jnetpcap.PacketReader    Read All packets on /home/zayn/Desktop/IDS-ML/data_Capture/dump-1741607183.pcap
2025-03-10 16:48:23 INFO  cic.cs.unb.ca.ifm.Cmd    You select: /home/zayn/Desktop/IDS-ML/data_Capture/dump-1741607243.pcap
2025-03-10 16:48:23 INFO  cic.cs.unb.ca.ifm.Cmd    Out folder: /home/zayn/Desktop/IDS-ML
2025-03-10 16:48:24 INFO  cic.cs.unb.ca.ifm.Cmd    CICFlowMeter received 1 pcap file
2025-03-10 16:48:24 DEBUG cic.cs.unb.ca.jnetpcap.PacketReader    Read All packets on /home/zayn/Desktop/IDS-ML/data_Capture/dump-1741607243.pcap
2025-03-10 16:53:30 INFO  cic.cs.unb.ca.ifm.Cmd    You select: /home/zayn/Desktop/IDS-ML/data_Capture/dump-1741607549.pcap
2025-03-10 16:53:30 INFO  cic.cs.unb.ca.ifm.Cmd    Out folder: /home/zayn/Desktop/IDS-ML
2025-03-10 16:53:30 INFO  cic.cs.unb.ca.ifm.Cmd    CICFlowMeter received 1 pcap file
2025-03-10 16:53:31 DEBUG cic.cs.unb.ca.jnetpcap.PacketReader    Read All packets on /home/zayn/Desktop/IDS-ML/data_Capture/dump-1741607549.pcap
2025-03-10 16:54:30 INFO  cic.cs.unb.ca.ifm.Cmd    You select: /home/zayn/Desktop/IDS-ML/data_Capture/dump-1741607609.pcap
2025-03-10 16:54:30 INFO  cic.cs.unb.ca.ifm.Cmd    Out folder: /home/zayn/Desktop/IDS-ML
2025-03-10 16:54:30 INFO  cic.cs.unb.ca.ifm.Cmd    CICFlowMeter received 1 pcap file
2025-03-10 16:54:30 DEBUG cic.cs.unb.ca.jnetpcap.PacketReader    Read All packets on /home/zayn/Desktop/IDS-ML/data_Capture/dump-1741607609.pcap
2025-03-10 16:55:30 INFO  cic.cs.unb.ca.ifm.Cmd    You select: /home/zayn/Desktop/IDS-ML/data_Capture/dump-1741607669.pcap
2025-03-10 16:55:30 INFO  cic.cs.unb.ca.ifm.Cmd    Out folder: /home/zayn/Desktop/IDS-ML
2025-03-10 16:55:30 INFO  cic.cs.unb.ca.ifm.Cmd    CICFlowMeter received 1 pcap file
2025-03-10 16:55:32 DEBUG cic.cs.unb.ca.jnetpcap.PacketReader    Read All packets on /home/zayn/Desktop/IDS-ML/data_Capture/dump-1741607669.pcap
2025-03-10 16:56:30 INFO  cic.cs.unb.ca.ifm.Cmd    You select: /home/zayn/Desktop/IDS-ML/data_Capture/dump-1741607729.pcap
2025-03-10 16:56:30 INFO  cic.cs.unb.ca.ifm.Cmd    Out folder: /home/zayn/Desktop/IDS-ML
2025-03-10 16:56:30 INFO  cic.cs.unb.ca.ifm.Cmd    CICFlowMeter received 1 pcap file
2025-03-10 16:56:31 DEBUG cic.cs.unb.ca.jnetpcap.PacketReader    Read All packets on /home/zayn/Desktop/IDS-ML/data_Capture/dump-1741607729.pcap
2025-03-10 16:57:30 INFO  cic.cs.unb.ca.ifm.Cmd    You select: /home/zayn/Desktop/IDS-ML/data_Capture/dump-1741607789.pcap
2025-03-10 16:57:30 INFO  cic.cs.unb.ca.ifm.Cmd    Out folder: /home/zayn/Desktop/IDS-ML
2025-03-10 16:57:30 INFO  cic.cs.unb.ca.ifm.Cmd    CICFlowMeter received 1 pcap file
2025-03-10 16:57:31 DEBUG cic.cs.unb.ca.jnetpcap.PacketReader    Read All packets on /home/zayn/Desktop/IDS-ML/data_Capture/dump-1741607789.pcap
2025-03-10 16:58:30 INFO  cic.cs.unb.ca.ifm.Cmd    You select: /home/zayn/Desktop/IDS-ML/data_Capture/dump-1741607849.pcap
2025-03-10 16:58:30 INFO  cic.cs.unb.ca.ifm.Cmd    Out folder: /home/zayn/Desktop/IDS-ML
2025-03-10 16:58:31 INFO  cic.cs.unb.ca.ifm.Cmd    CICFlowMeter received 1 pcap file
2025-03-10 16:58:32 DEBUG cic.cs.unb.ca.jnetpcap.PacketReader    Read All packets on /home/zayn/Desktop/IDS-ML/data_Capture/dump-1741607849.pcap
2025-03-10 16:59:30 INFO  cic.cs.unb.ca.ifm.Cmd    You select: /home/zayn/Desktop/IDS-ML/data_Capture/dump-1741607909.pcap
2025-03-10 16:59:30 INFO  cic.cs.unb.ca.ifm.Cmd    Out folder: /home/zayn/Desktop/IDS-ML
2025-03-10 16:59:30 INFO  cic.cs.unb.ca.ifm.Cmd    CICFlowMeter received 1 pcap file
2025-03-10 16:59:31 DEBUG cic.cs.unb.ca.jnetpcap.PacketReader    null
********************************************************************************
0000:*d4 6d 6d b6  fa 1c 8c 68  3a 4d 61 c7  08 06 00 01*   .mm....h:Ma.....
0010: 08 00 06 04  00 02 8c 68  3a 4d 61 c7  c0 a8 12 01    .......h:Ma.....
0020: d4 6d 6d b6  fa 1c c0 a8  12 5b*                      .mm......[      


2025-03-10 16:59:31 DEBUG cic.cs.unb.ca.jnetpcap.PacketReader    Read All packets on /home/zayn/Desktop/IDS-ML/data_Capture/dump-1741607909.pcap
2025-03-10 17:00:30 INFO  cic.cs.unb.ca.ifm.Cmd    You select: /home/zayn/Desktop/IDS-ML/data_Capture/dump-1741607969.pcap
2025-03-10 17:00:30 INFO  cic.cs.unb.ca.ifm.Cmd    Out folder: /home/zayn/Desktop/IDS-ML
2025-03-10 17:00:30 INFO  cic.cs.unb.ca.ifm.Cmd    CICFlowMeter received 1 pcap file
2025-03-10 17:00:31 DEBUG cic.cs.unb.ca.jnetpcap.PacketReader    Read All packets on /home/zayn/Desktop/IDS-ML/data_Capture/dump-1741607969.pcap
2025-03-10 17:01:30 INFO  cic.cs.unb.ca.ifm.Cmd    You select: /home/zayn/Desktop/IDS-ML/data_Capture/dump-1741608029.pcap
2025-03-10 17:01:30 INFO  cic.cs.unb.ca.ifm.Cmd    Out folder: /home/zayn/Desktop/IDS-ML
2025-03-10 17:01:30 INFO  cic.cs.unb.ca.ifm.Cmd    CICFlowMeter received 1 pcap file
2025-03-10 17:01:31 DEBUG cic.cs.unb.ca.jnetpcap.PacketReader    null
********************************************************************************
0000:*d4 6d 6d b6  fa 1c 8c 68  3a 4d 61 c7  08 06 00 01*   .mm....h:Ma.....
0010: 08 00 06 04  00 02 8c 68  3a 4d 61 c7  c0 a8 12 01    .......h:Ma.....
0020: d4 6d 6d b6  fa 1c c0 a8  12 5b*                      .mm......[      


2025-03-10 17:01:31 DEBUG cic.cs.unb.ca.jnetpcap.PacketReader    Read All packets on /home/zayn/Desktop/IDS-ML/data_Capture/dump-1741608029.pcap
2025-03-10 17:02:30 INFO  cic.cs.unb.ca.ifm.Cmd    You select: /home/zayn/Desktop/IDS-ML/data_Capture/dump-1741608089.pcap
2025-03-10 17:02:30 INFO  cic.cs.unb.ca.ifm.Cmd    Out folder: /home/zayn/Desktop/IDS-ML
2025-03-10 17:02:30 INFO  cic.cs.unb.ca.ifm.Cmd    CICFlowMeter received 1 pcap file
2025-03-10 17:02:31 DEBUG cic.cs.unb.ca.jnetpcap.PacketReader    Read All packets on /home/zayn/Desktop/IDS-ML/data_Capture/dump-1741608089.pcap
2025-03-10 17:03:30 INFO  cic.cs.unb.ca.ifm.Cmd    You select: /home/zayn/Desktop/IDS-ML/data_Capture/dump-1741608149.pcap
2025-03-10 17:03:30 INFO  cic.cs.unb.ca.ifm.Cmd    Out folder: /home/zayn/Desktop/IDS-ML
2025-03-10 17:03:30 INFO  cic.cs.unb.ca.ifm.Cmd    CICFlowMeter received 1 pcap file
2025-03-10 17:03:30 DEBUG cic.cs.unb.ca.jnetpcap.PacketReader    Read All packets on /home/zayn/Desktop/IDS-ML/data_Capture/dump-1741608149.pcap
2025-03-10 17:04:30 INFO  cic.cs.unb.ca.ifm.Cmd    You select: /home/zayn/Desktop/IDS-ML/data_Capture/dump-1741608209.pcap
2025-03-10 17:04:30 INFO  cic.cs.unb.ca.ifm.Cmd    Out folder: /home/zayn/Desktop/IDS-ML
2025-03-10 17:04:30 INFO  cic.cs.unb.ca.ifm.Cmd    CICFlowMeter received 1 pcap file
2025-03-10 17:04:31 DEBUG cic.cs.unb.ca.jnetpcap.PacketReader    null
********************************************************************************
0000:*d4 6d 6d b6  fa 1c 8c 68  3a 4d 61 c7  08 06 00 01*   .mm....h:Ma.....
0010: 08 00 06 04  00 02 8c 68  3a 4d 61 c7  c0 a8 12 01    .......h:Ma.....
0020: d4 6d 6d b6  fa 1c c0 a8  12 5b*                      .mm......[      


2025-03-10 17:04:31 DEBUG cic.cs.unb.ca.jnetpcap.PacketReader    Read All packets on /home/zayn/Desktop/IDS-ML/data_Capture/dump-1741608209.pcap
2025-03-10 17:05:30 INFO  cic.cs.unb.ca.ifm.Cmd    You select: /home/zayn/Desktop/IDS-ML/data_Capture/dump-1741608269.pcap
2025-03-10 17:05:30 INFO  cic.cs.unb.ca.ifm.Cmd    Out folder: /home/zayn/Desktop/IDS-ML
2025-03-10 17:05:30 INFO  cic.cs.unb.ca.ifm.Cmd    CICFlowMeter received 1 pcap file
2025-03-10 17:05:30 DEBUG cic.cs.unb.ca.jnetpcap.PacketReader    Read All packets on /home/zayn/Desktop/IDS-ML/data_Capture/dump-1741608269.pcap
2025-03-10 17:06:30 INFO  cic.cs.unb.ca.ifm.Cmd    You select: /home/zayn/Desktop/IDS-ML/data_Capture/dump-1741608329.pcap
2025-03-10 17:06:30 INFO  cic.cs.unb.ca.ifm.Cmd    Out folder: /home/zayn/Desktop/IDS-ML
2025-03-10 17:06:30 INFO  cic.cs.unb.ca.ifm.Cmd    CICFlowMeter received 1 pcap file
2025-03-10 17:06:31 DEBUG cic.cs.unb.ca.jnetpcap.PacketReader    Read All packets on /home/zayn/Desktop/IDS-ML/data_Capture/dump-1741608329.pcap
2025-03-10 17:07:30 INFO  cic.cs.unb.ca.ifm.Cmd    You select: /home/zayn/Desktop/IDS-ML/data_Capture/dump-1741608389.pcap
2025-03-10 17:07:30 INFO  cic.cs.unb.ca.ifm.Cmd    Out folder: /home/zayn/Desktop/IDS-ML
2025-03-10 17:07:31 INFO  cic.cs.unb.ca.ifm.Cmd    CICFlowMeter received 1 pcap file
2025-03-10 17:07:31 DEBUG cic.cs.unb.ca.jnetpcap.PacketReader    Read All packets on /home/zayn/Desktop/IDS-ML/data_Capture/dump-1741608389.pcap
2025-03-10 17:08:30 INFO  cic.cs.unb.ca.ifm.Cmd    You select: /home/zayn/Desktop/IDS-ML/data_Capture/dump-1741608449.pcap
2025-03-10 17:08:30 INFO  cic.cs.unb.ca.ifm.Cmd    Out folder: /home/zayn/Desktop/IDS-ML
2025-03-10 17:08:30 INFO  cic.cs.unb.ca.ifm.Cmd    CICFlowMeter received 1 pcap file
2025-03-10 17:08:31 DEBUG cic.cs.unb.ca.jnetpcap.PacketReader    Read All packets on /home/zayn/Desktop/IDS-ML/data_Capture/dump-1741608449.pcap
2025-03-10 17:09:30 INFO  cic.cs.unb.ca.ifm.Cmd    You select: /home/zayn/Desktop/IDS-ML/data_Capture/dump-1741608509.pcap
2025-03-10 17:09:30 INFO  cic.cs.unb.ca.ifm.Cmd    Out folder: /home/zayn/Desktop/IDS-ML
2025-03-10 17:09:31 INFO  cic.cs.unb.ca.ifm.Cmd    CICFlowMeter received 1 pcap file
2025-03-10 17:09:31 DEBUG cic.cs.unb.ca.jnetpcap.PacketReader    Read All packets on /home/zayn/Desktop/IDS-ML/data_Capture/dump-1741608509.pcap
2025-03-10 17:10:30 INFO  cic.cs.unb.ca.ifm.Cmd    You select: /home/zayn/Desktop/IDS-ML/data_Capture/dump-1741608569.pcap
2025-03-10 17:10:30 INFO  cic.cs.unb.ca.ifm.Cmd    Out folder: /home/zayn/Desktop/IDS-ML
2025-03-10 17:10:30 INFO  cic.cs.unb.ca.ifm.Cmd    CICFlowMeter received 1 pcap file
2025-03-10 17:10:31 DEBUG cic.cs.unb.ca.jnetpcap.PacketReader    Read All packets on /home/zayn/Desktop/IDS-ML/data_Capture/dump-1741608569.pcap
2025-03-10 17:11:30 INFO  cic.cs.unb.ca.ifm.Cmd    You select: /home/zayn/Desktop/IDS-ML/data_Capture/dump-1741608629.pcap
2025-03-10 17:11:30 INFO  cic.cs.unb.ca.ifm.Cmd    Out folder: /home/zayn/Desktop/IDS-ML
2025-03-10 17:11:30 INFO  cic.cs.unb.ca.ifm.Cmd    CICFlowMeter received 1 pcap file
2025-03-10 17:11:31 DEBUG cic.cs.unb.ca.jnetpcap.PacketReader    Read All packets on /home/zayn/Desktop/IDS-ML/data_Capture/dump-1741608629.pcap
