2025-01-06 05:21:11 INFO  cic.cs.unb.ca.ifm.Cmd    Please select output folder!
2025-01-06 05:21:22 INFO  cic.cs.unb.ca.ifm.Cmd    You select: dump-1736030430.pcap
2025-01-06 05:21:22 INFO  cic.cs.unb.ca.ifm.Cmd    Out folder: /
2025-01-06 05:21:22 INFO  cic.cs.unb.ca.ifm.Cmd    CICFlowMeter received 1 pcap file
2025-01-06 05:21:23 DEBUG cic.cs.unb.ca.jnetpcap.PacketReader    null
********************************************************************************
0000:*d4 6d 6d b6  fa 1c 8c 68  3a 4d 61 c7  08 06 00 01*   .mm....h:Ma.....
0010: 08 00 06 04  00 02 8c 68  3a 4d 61 c7  c0 a8 12 01    .......h:Ma.....
0020: d4 6d 6d b6  fa 1c c0 a8  12 5b*                      .mm......[      


2025-01-06 05:21:23 DEBUG cic.cs.unb.ca.jnetpcap.FlowGenerator    FlagFIN current has 15 flow
2025-01-06 05:21:23 DEBUG cic.cs.unb.ca.jnetpcap.FlowGenerator    FlagFIN current has 17 flow
2025-01-06 05:21:23 DEBUG cic.cs.unb.ca.jnetpcap.FlowGenerator    FlagFIN current has 17 flow
2025-01-06 05:21:23 DEBUG cic.cs.unb.ca.jnetpcap.PacketReader    Read All packets on dump-1736030430.pcap
2025-01-06 05:24:08 INFO  cic.cs.unb.ca.ifm.Cmd    You select: dump-1736030430.pcap
2025-01-06 05:24:08 INFO  cic.cs.unb.ca.ifm.Cmd    Out folder: /
2025-01-06 05:24:08 INFO  cic.cs.unb.ca.ifm.Cmd    CICFlowMeter received 1 pcap file
2025-01-06 05:24:09 DEBUG cic.cs.unb.ca.jnetpcap.PacketReader    null
********************************************************************************
0000:*d4 6d 6d b6  fa 1c 8c 68  3a 4d 61 c7  08 06 00 01*   .mm....h:Ma.....
0010: 08 00 06 04  00 02 8c 68  3a 4d 61 c7  c0 a8 12 01    .......h:Ma.....
0020: d4 6d 6d b6  fa 1c c0 a8  12 5b*                      .mm......[      


2025-01-06 05:24:09 DEBUG cic.cs.unb.ca.jnetpcap.FlowGenerator    FlagFIN current has 15 flow
2025-01-06 05:24:09 DEBUG cic.cs.unb.ca.jnetpcap.FlowGenerator    FlagFIN current has 17 flow
2025-01-06 05:24:09 DEBUG cic.cs.unb.ca.jnetpcap.FlowGenerator    FlagFIN current has 17 flow
2025-01-06 05:24:09 DEBUG cic.cs.unb.ca.jnetpcap.PacketReader    Read All packets on dump-1736030430.pcap
2025-01-06 05:46:39 INFO  cic.cs.unb.ca.ifm.Cmd    You select: dump-1736030430.pcap
2025-01-06 05:46:39 INFO  cic.cs.unb.ca.ifm.Cmd    Out folder: /dump_flow
2025-01-06 05:46:40 INFO  cic.cs.unb.ca.ifm.Cmd    CICFlowMeter received 1 pcap file
2025-01-06 05:46:40 DEBUG cic.cs.unb.ca.jnetpcap.PacketReader    null
********************************************************************************
0000:*d4 6d 6d b6  fa 1c 8c 68  3a 4d 61 c7  08 06 00 01*   .mm....h:Ma.....
0010: 08 00 06 04  00 02 8c 68  3a 4d 61 c7  c0 a8 12 01    .......h:Ma.....
0020: d4 6d 6d b6  fa 1c c0 a8  12 5b*                      .mm......[      


2025-01-06 05:46:40 DEBUG cic.cs.unb.ca.jnetpcap.FlowGenerator    FlagFIN current has 15 flow
2025-01-06 05:46:40 DEBUG cic.cs.unb.ca.jnetpcap.FlowGenerator    FlagFIN current has 17 flow
2025-01-06 05:46:40 DEBUG cic.cs.unb.ca.jnetpcap.FlowGenerator    FlagFIN current has 17 flow
2025-01-06 05:46:40 DEBUG cic.cs.unb.ca.jnetpcap.PacketReader    Read All packets on dump-1736030430.pcap
2025-01-06 06:06:34 INFO  cic.cs.unb.ca.ifm.Cmd    You select: dump-1736030430.pcap
2025-01-06 06:06:34 INFO  cic.cs.unb.ca.ifm.Cmd    Out folder: /dump2_flow
2025-01-06 06:06:34 INFO  cic.cs.unb.ca.ifm.Cmd    CICFlowMeter received 1 pcap file
2025-01-06 06:06:35 DEBUG cic.cs.unb.ca.jnetpcap.PacketReader    null
********************************************************************************
0000:*d4 6d 6d b6  fa 1c 8c 68  3a 4d 61 c7  08 06 00 01*   .mm....h:Ma.....
0010: 08 00 06 04  00 02 8c 68  3a 4d 61 c7  c0 a8 12 01    .......h:Ma.....
0020: d4 6d 6d b6  fa 1c c0 a8  12 5b*                      .mm......[      


2025-01-06 06:06:35 DEBUG cic.cs.unb.ca.jnetpcap.FlowGenerator    FlagFIN current has 15 flow
2025-01-06 06:06:35 DEBUG cic.cs.unb.ca.jnetpcap.FlowGenerator    FlagFIN current has 17 flow
2025-01-06 06:06:35 DEBUG cic.cs.unb.ca.jnetpcap.FlowGenerator    FlagFIN current has 17 flow
2025-01-06 06:06:35 DEBUG cic.cs.unb.ca.jnetpcap.PacketReader    Read All packets on dump-1736030430.pcap
2025-01-06 06:20:28 INFO  cic.cs.unb.ca.ifm.Cmd    You select: dump-1736030430.pcap
2025-01-06 06:20:28 INFO  cic.cs.unb.ca.ifm.Cmd    Out folder: /flow3
2025-01-06 06:20:29 INFO  cic.cs.unb.ca.ifm.Cmd    CICFlowMeter received 1 pcap file
2025-01-06 06:20:29 DEBUG cic.cs.unb.ca.jnetpcap.PacketReader    null
********************************************************************************
0000:*d4 6d 6d b6  fa 1c 8c 68  3a 4d 61 c7  08 06 00 01*   .mm....h:Ma.....
0010: 08 00 06 04  00 02 8c 68  3a 4d 61 c7  c0 a8 12 01    .......h:Ma.....
0020: d4 6d 6d b6  fa 1c c0 a8  12 5b*                      .mm......[      


2025-01-06 06:20:29 DEBUG cic.cs.unb.ca.jnetpcap.FlowGenerator    FlagFIN current has 15 flow
2025-01-06 06:20:29 DEBUG cic.cs.unb.ca.jnetpcap.FlowGenerator    FlagFIN current has 17 flow
2025-01-06 06:20:29 DEBUG cic.cs.unb.ca.jnetpcap.FlowGenerator    FlagFIN current has 17 flow
2025-01-06 06:20:29 DEBUG cic.cs.unb.ca.jnetpcap.PacketReader    Read All packets on dump-1736030430.pcap
2025-01-06 06:23:37 INFO  cic.cs.unb.ca.ifm.Cmd    The pcap file or folder does not exist! -> dump-1736126556.pcap
2025-01-06 06:24:37 INFO  cic.cs.unb.ca.ifm.Cmd    The pcap file or folder does not exist! -> dump-1736126616.pcap
2025-01-06 06:33:37 INFO  cic.cs.unb.ca.ifm.Cmd    You select: /home/zayn/Desktop/IDS-ML/dump-1736127156.pcap
2025-01-06 06:33:37 INFO  cic.cs.unb.ca.ifm.Cmd    Out folder: /home/zayn/Desktop/IDS-ML
2025-01-06 06:33:37 INFO  cic.cs.unb.ca.ifm.Cmd    CICFlowMeter received 1 pcap file
2025-01-06 06:33:38 DEBUG cic.cs.unb.ca.jnetpcap.PacketReader    Read All packets on /home/zayn/Desktop/IDS-ML/dump-1736127156.pcap
2025-01-06 06:35:37 INFO  cic.cs.unb.ca.ifm.Cmd    You select: /home/zayn/Desktop/IDS-ML/dump-1736127276.pcap
2025-01-06 06:35:37 INFO  cic.cs.unb.ca.ifm.Cmd    Out folder: /home/zayn/Desktop/IDS-ML
2025-01-06 06:35:37 INFO  cic.cs.unb.ca.ifm.Cmd    CICFlowMeter received 1 pcap file
2025-01-06 06:35:38 DEBUG cic.cs.unb.ca.jnetpcap.FlowGenerator    FlagFIN current has 7 flow
2025-01-06 06:35:38 DEBUG cic.cs.unb.ca.jnetpcap.FlowGenerator    FlagFIN current has 8 flow
2025-01-06 06:35:38 DEBUG cic.cs.unb.ca.jnetpcap.FlowGenerator    FlagFIN current has 9 flow
2025-01-06 06:35:38 DEBUG cic.cs.unb.ca.jnetpcap.FlowGenerator    FlagFIN current has 10 flow
2025-01-06 06:35:38 DEBUG cic.cs.unb.ca.jnetpcap.PacketReader    Read All packets on /home/zayn/Desktop/IDS-ML/dump-1736127276.pcap
2025-01-06 06:43:37 INFO  cic.cs.unb.ca.ifm.Cmd    You select: /home/zayn/Desktop/IDS-ML/dump-1736127756.pcap
2025-01-06 06:43:37 INFO  cic.cs.unb.ca.ifm.Cmd    Out folder: /home/zayn/Desktop/IDS-ML
2025-01-06 06:43:37 INFO  cic.cs.unb.ca.ifm.Cmd    CICFlowMeter received 1 pcap file
2025-01-06 06:43:38 DEBUG cic.cs.unb.ca.jnetpcap.PacketReader    Read All packets on /home/zayn/Desktop/IDS-ML/dump-1736127756.pcap
2025-01-06 06:44:37 INFO  cic.cs.unb.ca.ifm.Cmd    You select: /home/zayn/Desktop/IDS-ML/dump-1736127816.pcap
2025-01-06 06:44:37 INFO  cic.cs.unb.ca.ifm.Cmd    Out folder: /home/zayn/Desktop/IDS-ML
2025-01-06 06:44:38 INFO  cic.cs.unb.ca.ifm.Cmd    CICFlowMeter received 1 pcap file
2025-01-06 06:44:39 DEBUG cic.cs.unb.ca.jnetpcap.PacketReader    Read All packets on /home/zayn/Desktop/IDS-ML/dump-1736127816.pcap
2025-01-06 06:45:37 INFO  cic.cs.unb.ca.ifm.Cmd    You select: /home/zayn/Desktop/IDS-ML/dump-1736127876.pcap
2025-01-06 06:45:37 INFO  cic.cs.unb.ca.ifm.Cmd    Out folder: /home/zayn/Desktop/IDS-ML
2025-01-06 06:45:37 INFO  cic.cs.unb.ca.ifm.Cmd    CICFlowMeter received 1 pcap file
2025-01-06 06:45:38 DEBUG cic.cs.unb.ca.jnetpcap.PacketReader    Read All packets on /home/zayn/Desktop/IDS-ML/dump-1736127876.pcap
2025-01-06 06:46:37 INFO  cic.cs.unb.ca.ifm.Cmd    You select: /home/zayn/Desktop/IDS-ML/dump-1736127936.pcap
2025-01-06 06:46:37 INFO  cic.cs.unb.ca.ifm.Cmd    Out folder: /home/zayn/Desktop/IDS-ML
2025-01-06 06:46:37 INFO  cic.cs.unb.ca.ifm.Cmd    CICFlowMeter received 1 pcap file
2025-01-06 06:46:38 DEBUG cic.cs.unb.ca.jnetpcap.PacketReader    Read All packets on /home/zayn/Desktop/IDS-ML/dump-1736127936.pcap
2025-01-06 06:47:37 INFO  cic.cs.unb.ca.ifm.Cmd    You select: /home/zayn/Desktop/IDS-ML/dump-1736127996.pcap
2025-01-06 06:47:37 INFO  cic.cs.unb.ca.ifm.Cmd    Out folder: /home/zayn/Desktop/IDS-ML
2025-01-06 06:47:37 INFO  cic.cs.unb.ca.ifm.Cmd    CICFlowMeter received 1 pcap file
2025-01-06 06:47:38 DEBUG cic.cs.unb.ca.jnetpcap.PacketReader    Read All packets on /home/zayn/Desktop/IDS-ML/dump-1736127996.pcap
2025-01-06 06:48:37 INFO  cic.cs.unb.ca.ifm.Cmd    You select: /home/zayn/Desktop/IDS-ML/dump-1736128056.pcap
2025-01-06 06:48:37 INFO  cic.cs.unb.ca.ifm.Cmd    Out folder: /home/zayn/Desktop/IDS-ML
2025-01-06 06:48:37 INFO  cic.cs.unb.ca.ifm.Cmd    CICFlowMeter received 1 pcap file
2025-01-06 06:48:38 DEBUG cic.cs.unb.ca.jnetpcap.PacketReader    null
********************************************************************************
0000:*d4 6d 6d b6  fa 1c 8c 68  3a 4d 61 c7  08 06 00 01*   .mm....h:Ma.....
0010: 08 00 06 04  00 02 8c 68  3a 4d 61 c7  c0 a8 12 01    .......h:Ma.....
0020: d4 6d 6d b6  fa 1c c0 a8  12 5b*                      .mm......[      


2025-01-06 06:48:38 DEBUG cic.cs.unb.ca.jnetpcap.PacketReader    Read All packets on /home/zayn/Desktop/IDS-ML/dump-1736128056.pcap
2025-01-06 06:49:37 INFO  cic.cs.unb.ca.ifm.Cmd    You select: /home/zayn/Desktop/IDS-ML/dump-1736128116.pcap
2025-01-06 06:49:37 INFO  cic.cs.unb.ca.ifm.Cmd    Out folder: /home/zayn/Desktop/IDS-ML
2025-01-06 06:49:38 INFO  cic.cs.unb.ca.ifm.Cmd    CICFlowMeter received 1 pcap file
2025-01-06 06:49:39 DEBUG cic.cs.unb.ca.jnetpcap.PacketReader    Read All packets on /home/zayn/Desktop/IDS-ML/dump-1736128116.pcap
2025-01-06 06:50:37 INFO  cic.cs.unb.ca.ifm.Cmd    You select: /home/zayn/Desktop/IDS-ML/dump-1736128176.pcap
2025-01-06 06:50:37 INFO  cic.cs.unb.ca.ifm.Cmd    Out folder: /home/zayn/Desktop/IDS-ML
2025-01-06 06:50:37 INFO  cic.cs.unb.ca.ifm.Cmd    CICFlowMeter received 1 pcap file
2025-01-06 06:50:38 DEBUG cic.cs.unb.ca.jnetpcap.PacketReader    Read All packets on /home/zayn/Desktop/IDS-ML/dump-1736128176.pcap
2025-01-06 06:53:37 INFO  cic.cs.unb.ca.ifm.Cmd    You select: /home/zayn/Desktop/IDS-ML/dump-1736128356.pcap
2025-01-06 06:53:37 INFO  cic.cs.unb.ca.ifm.Cmd    Out folder: /home/zayn/Desktop/IDS-ML
2025-01-06 06:53:37 INFO  cic.cs.unb.ca.ifm.Cmd    CICFlowMeter received 1 pcap file
2025-01-06 06:53:38 DEBUG cic.cs.unb.ca.jnetpcap.PacketReader    Read All packets on /home/zayn/Desktop/IDS-ML/dump-1736128356.pcap
2025-01-06 06:54:37 INFO  cic.cs.unb.ca.ifm.Cmd    You select: /home/zayn/Desktop/IDS-ML/dump-1736128416.pcap
2025-01-06 06:54:37 INFO  cic.cs.unb.ca.ifm.Cmd    Out folder: /home/zayn/Desktop/IDS-ML
2025-01-06 06:54:37 INFO  cic.cs.unb.ca.ifm.Cmd    CICFlowMeter received 1 pcap file
2025-01-06 06:54:37 DEBUG cic.cs.unb.ca.jnetpcap.PacketReader    Read All packets on /home/zayn/Desktop/IDS-ML/dump-1736128416.pcap
2025-01-06 06:55:37 INFO  cic.cs.unb.ca.ifm.Cmd    You select: /home/zayn/Desktop/IDS-ML/dump-1736128476.pcap
2025-01-06 06:55:37 INFO  cic.cs.unb.ca.ifm.Cmd    Out folder: /home/zayn/Desktop/IDS-ML
2025-01-06 06:55:37 INFO  cic.cs.unb.ca.ifm.Cmd    CICFlowMeter received 1 pcap file
2025-01-06 06:55:38 DEBUG cic.cs.unb.ca.jnetpcap.PacketReader    Read All packets on /home/zayn/Desktop/IDS-ML/dump-1736128476.pcap
2025-01-06 06:56:37 INFO  cic.cs.unb.ca.ifm.Cmd    You select: /home/zayn/Desktop/IDS-ML/dump-1736128536.pcap
2025-01-06 06:56:37 INFO  cic.cs.unb.ca.ifm.Cmd    Out folder: /home/zayn/Desktop/IDS-ML
2025-01-06 06:56:37 INFO  cic.cs.unb.ca.ifm.Cmd    CICFlowMeter received 1 pcap file
2025-01-06 06:56:39 DEBUG cic.cs.unb.ca.jnetpcap.PacketReader    Read All packets on /home/zayn/Desktop/IDS-ML/dump-1736128536.pcap
2025-01-06 06:57:37 INFO  cic.cs.unb.ca.ifm.Cmd    You select: /home/zayn/Desktop/IDS-ML/dump-1736128596.pcap
2025-01-06 06:57:37 INFO  cic.cs.unb.ca.ifm.Cmd    Out folder: /home/zayn/Desktop/IDS-ML
2025-01-06 06:57:37 INFO  cic.cs.unb.ca.ifm.Cmd    CICFlowMeter received 1 pcap file
2025-01-06 06:57:38 DEBUG cic.cs.unb.ca.jnetpcap.PacketReader    Read All packets on /home/zayn/Desktop/IDS-ML/dump-1736128596.pcap
2025-01-06 07:23:37 INFO  cic.cs.unb.ca.ifm.Cmd    You select: /home/zayn/Desktop/IDS-ML/dump-1736130156.pcap
2025-01-06 07:23:37 INFO  cic.cs.unb.ca.ifm.Cmd    Out folder: /home/zayn/Desktop/IDS-ML
2025-01-06 07:23:37 INFO  cic.cs.unb.ca.ifm.Cmd    CICFlowMeter received 1 pcap file
2025-01-06 07:23:38 DEBUG cic.cs.unb.ca.jnetpcap.PacketReader    Read All packets on /home/zayn/Desktop/IDS-ML/dump-1736130156.pcap
2025-01-06 07:24:37 INFO  cic.cs.unb.ca.ifm.Cmd    You select: /home/zayn/Desktop/IDS-ML/dump-1736130216.pcap
2025-01-06 07:24:37 INFO  cic.cs.unb.ca.ifm.Cmd    Out folder: /home/zayn/Desktop/IDS-ML
2025-01-06 07:24:37 INFO  cic.cs.unb.ca.ifm.Cmd    CICFlowMeter received 1 pcap file
2025-01-06 07:24:38 DEBUG cic.cs.unb.ca.jnetpcap.PacketReader    Read All packets on /home/zayn/Desktop/IDS-ML/dump-1736130216.pcap
