2025-01-05 05:37:36 - Please select pcap!
2025-01-05 05:38:53 - You select: /home/zayn/Desktop/IDS-ML/dump-1736030430.pcap
2025-01-05 05:38:53 - Out folder: csv
2025-01-05 05:38:53 - CICFlowMeter received 1 pcap file
2025-01-05 05:43:35 - You select: dump-1736030430.pcap
2025-01-05 05:43:35 - Out folder: ./
2025-01-05 05:43:36 - CICFlowMeter received 1 pcap file
2025-01-05 06:39:39 - Please select pcap!
2025-01-05 06:42:51 - You select: dump-1736030430.pcap
2025-01-05 06:42:51 - Out folder: hello
2025-01-05 06:42:51 - CICFlowMeter received 1 pcap file
2025-01-06 05:21:11 - Please select output folder!
2025-01-06 05:21:22 - You select: dump-1736030430.pcap
2025-01-06 05:21:22 - Out folder: /
2025-01-06 05:21:22 - CICFlowMeter received 1 pcap file
2025-01-06 05:24:08 - You select: dump-1736030430.pcap
2025-01-06 05:24:08 - Out folder: /
2025-01-06 05:24:08 - CICFlowMeter received 1 pcap file
2025-01-06 05:46:39 - You select: dump-1736030430.pcap
2025-01-06 05:46:39 - Out folder: /dump_flow
2025-01-06 05:46:40 - CICFlowMeter received 1 pcap file
2025-01-06 06:06:34 - You select: dump-1736030430.pcap
2025-01-06 06:06:34 - Out folder: /dump2_flow
2025-01-06 06:06:34 - CICFlowMeter received 1 pcap file
2025-01-06 06:20:28 - You select: dump-1736030430.pcap
2025-01-06 06:20:28 - Out folder: /flow3
2025-01-06 06:20:29 - CICFlowMeter received 1 pcap file
2025-01-06 06:23:37 - The pcap file or folder does not exist! -> dump-1736126556.pcap
2025-01-06 06:24:37 - The pcap file or folder does not exist! -> dump-1736126616.pcap
2025-01-06 06:33:37 - You select: /home/zayn/Desktop/IDS-ML/dump-1736127156.pcap
2025-01-06 06:33:37 - Out folder: /home/zayn/Desktop/IDS-ML
2025-01-06 06:33:37 - CICFlowMeter received 1 pcap file
2025-01-06 06:35:37 - You select: /home/zayn/Desktop/IDS-ML/dump-1736127276.pcap
2025-01-06 06:35:37 - Out folder: /home/zayn/Desktop/IDS-ML
2025-01-06 06:35:37 - CICFlowMeter received 1 pcap file
2025-01-06 06:43:37 - You select: /home/zayn/Desktop/IDS-ML/dump-1736127756.pcap
2025-01-06 06:43:37 - Out folder: /home/zayn/Desktop/IDS-ML
2025-01-06 06:43:37 - CICFlowMeter received 1 pcap file
2025-01-06 06:44:37 - You select: /home/zayn/Desktop/IDS-ML/dump-1736127816.pcap
2025-01-06 06:44:37 - Out folder: /home/zayn/Desktop/IDS-ML
2025-01-06 06:44:38 - CICFlowMeter received 1 pcap file
2025-01-06 06:45:37 - You select: /home/zayn/Desktop/IDS-ML/dump-1736127876.pcap
2025-01-06 06:45:37 - Out folder: /home/zayn/Desktop/IDS-ML
2025-01-06 06:45:37 - CICFlowMeter received 1 pcap file
2025-01-06 06:46:37 - You select: /home/zayn/Desktop/IDS-ML/dump-1736127936.pcap
2025-01-06 06:46:37 - Out folder: /home/zayn/Desktop/IDS-ML
2025-01-06 06:46:37 - CICFlowMeter received 1 pcap file
2025-01-06 06:47:37 - You select: /home/zayn/Desktop/IDS-ML/dump-1736127996.pcap
2025-01-06 06:47:37 - Out folder: /home/zayn/Desktop/IDS-ML
2025-01-06 06:47:37 - CICFlowMeter received 1 pcap file
2025-01-06 06:48:37 - You select: /home/zayn/Desktop/IDS-ML/dump-1736128056.pcap
2025-01-06 06:48:37 - Out folder: /home/zayn/Desktop/IDS-ML
2025-01-06 06:48:37 - CICFlowMeter received 1 pcap file
2025-01-06 06:49:37 - You select: /home/zayn/Desktop/IDS-ML/dump-1736128116.pcap
2025-01-06 06:49:37 - Out folder: /home/zayn/Desktop/IDS-ML
2025-01-06 06:49:38 - CICFlowMeter received 1 pcap file
2025-01-06 06:50:37 - You select: /home/zayn/Desktop/IDS-ML/dump-1736128176.pcap
2025-01-06 06:50:37 - Out folder: /home/zayn/Desktop/IDS-ML
2025-01-06 06:50:37 - CICFlowMeter received 1 pcap file
2025-01-06 06:53:37 - You select: /home/zayn/Desktop/IDS-ML/dump-1736128356.pcap
2025-01-06 06:53:37 - Out folder: /home/zayn/Desktop/IDS-ML
2025-01-06 06:53:37 - CICFlowMeter received 1 pcap file
2025-01-06 06:54:37 - You select: /home/zayn/Desktop/IDS-ML/dump-1736128416.pcap
2025-01-06 06:54:37 - Out folder: /home/zayn/Desktop/IDS-ML
2025-01-06 06:54:37 - CICFlowMeter received 1 pcap file
2025-01-06 06:55:37 - You select: /home/zayn/Desktop/IDS-ML/dump-1736128476.pcap
2025-01-06 06:55:37 - Out folder: /home/zayn/Desktop/IDS-ML
2025-01-06 06:55:37 - CICFlowMeter received 1 pcap file
2025-01-06 06:56:37 - You select: /home/zayn/Desktop/IDS-ML/dump-1736128536.pcap
2025-01-06 06:56:37 - Out folder: /home/zayn/Desktop/IDS-ML
2025-01-06 06:56:37 - CICFlowMeter received 1 pcap file
2025-01-06 06:57:37 - You select: /home/zayn/Desktop/IDS-ML/dump-1736128596.pcap
2025-01-06 06:57:37 - Out folder: /home/zayn/Desktop/IDS-ML
2025-01-06 06:57:37 - CICFlowMeter received 1 pcap file
2025-01-06 07:23:37 - You select: /home/zayn/Desktop/IDS-ML/dump-1736130156.pcap
2025-01-06 07:23:37 - Out folder: /home/zayn/Desktop/IDS-ML
2025-01-06 07:23:37 - CICFlowMeter received 1 pcap file
2025-01-06 07:24:37 - You select: /home/zayn/Desktop/IDS-ML/dump-1736130216.pcap
2025-01-06 07:24:37 - Out folder: /home/zayn/Desktop/IDS-ML
2025-01-06 07:24:37 - CICFlowMeter received 1 pcap file
2025-01-31 21:28:33 - You select: /home/zayn/Desktop/IDS-ML/data_Capture/dump-1738340852.pcap
2025-01-31 21:28:33 - Out folder: /home/zayn/Desktop/IDS-ML
2025-01-31 21:28:34 - CICFlowMeter received 1 pcap file
2025-01-31 21:29:33 - You select: /home/zayn/Desktop/IDS-ML/data_Capture/dump-1738340912.pcap
2025-01-31 21:29:33 - Out folder: /home/zayn/Desktop/IDS-ML
2025-01-31 21:29:33 - CICFlowMeter received 1 pcap file
2025-01-31 21:30:33 - You select: /home/zayn/Desktop/IDS-ML/data_Capture/dump-1738340972.pcap
2025-01-31 21:30:33 - Out folder: /home/zayn/Desktop/IDS-ML
2025-01-31 21:30:33 - CICFlowMeter received 1 pcap file
2025-01-31 21:31:33 - You select: /home/zayn/Desktop/IDS-ML/data_Capture/dump-1738341032.pcap
2025-01-31 21:31:33 - Out folder: /home/zayn/Desktop/IDS-ML
2025-01-31 21:31:33 - CICFlowMeter received 1 pcap file
2025-01-31 21:32:33 - You select: /home/zayn/Desktop/IDS-ML/data_Capture/dump-1738341092.pcap
2025-01-31 21:32:33 - Out folder: /home/zayn/Desktop/IDS-ML
2025-01-31 21:32:35 - CICFlowMeter received 1 pcap file
2025-01-31 21:33:33 - You select: /home/zayn/Desktop/IDS-ML/data_Capture/dump-1738341152.pcap
2025-01-31 21:33:33 - Out folder: /home/zayn/Desktop/IDS-ML
2025-01-31 21:33:33 - CICFlowMeter received 1 pcap file
2025-01-31 21:34:33 - You select: /home/zayn/Desktop/IDS-ML/data_Capture/dump-1738341212.pcap
2025-01-31 21:34:33 - Out folder: /home/zayn/Desktop/IDS-ML
2025-01-31 21:34:33 - CICFlowMeter received 1 pcap file
2025-02-06 11:40:16 - You select: /home/zayn/Desktop/IDS-ML/data_Capture/dump-1738823954.pcap
2025-02-06 11:40:16 - Out folder: /home/zayn/Desktop/IDS-ML
2025-02-06 11:40:16 - CICFlowMeter received 1 pcap file
2025-02-06 11:41:15 - You select: /home/zayn/Desktop/IDS-ML/data_Capture/dump-1738824014.pcap
2025-02-06 11:41:15 - Out folder: /home/zayn/Desktop/IDS-ML
2025-02-06 11:41:16 - CICFlowMeter received 1 pcap file
2025-02-06 11:42:15 - You select: /home/zayn/Desktop/IDS-ML/data_Capture/dump-1738824074.pcap
2025-02-06 11:42:15 - Out folder: /home/zayn/Desktop/IDS-ML
2025-02-06 11:42:16 - CICFlowMeter received 1 pcap file
2025-02-06 11:43:15 - You select: /home/zayn/Desktop/IDS-ML/data_Capture/dump-1738824134.pcap
2025-02-06 11:43:15 - Out folder: /home/zayn/Desktop/IDS-ML
2025-02-06 11:43:16 - CICFlowMeter received 1 pcap file
2025-02-06 11:44:15 - You select: /home/zayn/Desktop/IDS-ML/data_Capture/dump-1738824194.pcap
2025-02-06 11:44:15 - Out folder: /home/zayn/Desktop/IDS-ML
2025-02-06 11:44:16 - CICFlowMeter received 1 pcap file
2025-02-06 11:45:15 - You select: /home/zayn/Desktop/IDS-ML/data_Capture/dump-1738824254.pcap
2025-02-06 11:45:15 - Out folder: /home/zayn/Desktop/IDS-ML
2025-02-06 11:45:16 - CICFlowMeter received 1 pcap file
2025-02-06 11:46:15 - You select: /home/zayn/Desktop/IDS-ML/data_Capture/dump-1738824314.pcap
2025-02-06 11:46:15 - Out folder: /home/zayn/Desktop/IDS-ML
2025-02-06 11:46:16 - CICFlowMeter received 1 pcap file
2025-02-06 11:47:15 - You select: /home/zayn/Desktop/IDS-ML/data_Capture/dump-1738824374.pcap
2025-02-06 11:47:15 - Out folder: /home/zayn/Desktop/IDS-ML
2025-02-06 11:47:16 - CICFlowMeter received 1 pcap file
2025-02-06 11:48:15 - You select: /home/zayn/Desktop/IDS-ML/data_Capture/dump-1738824434.pcap
2025-02-06 11:48:15 - Out folder: /home/zayn/Desktop/IDS-ML
2025-02-06 11:48:16 - CICFlowMeter received 1 pcap file
2025-02-06 11:49:15 - You select: /home/zayn/Desktop/IDS-ML/data_Capture/dump-1738824494.pcap
2025-02-06 11:49:15 - Out folder: /home/zayn/Desktop/IDS-ML
2025-02-06 11:49:16 - CICFlowMeter received 1 pcap file
2025-02-06 11:50:15 - You select: /home/zayn/Desktop/IDS-ML/data_Capture/dump-1738824554.pcap
2025-02-06 11:50:15 - Out folder: /home/zayn/Desktop/IDS-ML
2025-02-06 11:50:16 - CICFlowMeter received 1 pcap file
2025-02-06 11:51:15 - You select: /home/zayn/Desktop/IDS-ML/data_Capture/dump-1738824614.pcap
2025-02-06 11:51:15 - Out folder: /home/zayn/Desktop/IDS-ML
2025-02-06 11:51:16 - CICFlowMeter received 1 pcap file
2025-02-06 11:52:15 - You select: /home/zayn/Desktop/IDS-ML/data_Capture/dump-1738824674.pcap
2025-02-06 11:52:15 - Out folder: /home/zayn/Desktop/IDS-ML
2025-02-06 11:52:16 - CICFlowMeter received 1 pcap file
2025-02-06 11:53:15 - You select: /home/zayn/Desktop/IDS-ML/data_Capture/dump-1738824734.pcap
2025-02-06 11:53:15 - Out folder: /home/zayn/Desktop/IDS-ML
2025-02-06 11:53:16 - CICFlowMeter received 1 pcap file
2025-02-06 11:54:15 - You select: /home/zayn/Desktop/IDS-ML/data_Capture/dump-1738824794.pcap
2025-02-06 11:54:15 - Out folder: /home/zayn/Desktop/IDS-ML
2025-02-06 11:54:16 - CICFlowMeter received 1 pcap file
2025-02-06 11:55:15 - You select: /home/zayn/Desktop/IDS-ML/data_Capture/dump-1738824854.pcap
2025-02-06 11:55:15 - Out folder: /home/zayn/Desktop/IDS-ML
2025-02-06 11:55:16 - CICFlowMeter received 1 pcap file
2025-02-06 11:56:15 - You select: /home/zayn/Desktop/IDS-ML/data_Capture/dump-1738824914.pcap
2025-02-06 11:56:15 - Out folder: /home/zayn/Desktop/IDS-ML
2025-02-06 11:56:16 - CICFlowMeter received 1 pcap file
2025-02-06 11:57:15 - You select: /home/zayn/Desktop/IDS-ML/data_Capture/dump-1738824974.pcap
2025-02-06 11:57:15 - Out folder: /home/zayn/Desktop/IDS-ML
2025-02-06 11:57:16 - CICFlowMeter received 1 pcap file
2025-02-06 21:14:23 - You select: /home/zayn/Desktop/IDS-ML/data_Capture/dump-1738825034.pcap
2025-02-06 21:14:23 - Out folder: /home/zayn/Desktop/IDS-ML
2025-02-06 21:14:24 - CICFlowMeter received 1 pcap file
2025-03-08 16:27:36 - You select: /home/zayn/Desktop/IDS-ML/data_Capture/dump-1741433195.pcap
2025-03-08 16:27:36 - Out folder: /home/zayn/Desktop/IDS-ML
2025-03-08 16:27:36 - CICFlowMeter received 1 pcap file
2025-03-08 16:28:35 - You select: /home/zayn/Desktop/IDS-ML/data_Capture/dump-1741433255.pcap
2025-03-08 16:28:35 - Out folder: /home/zayn/Desktop/IDS-ML
2025-03-08 16:28:35 - CICFlowMeter received 1 pcap file
2025-03-08 16:29:35 - You select: /home/zayn/Desktop/IDS-ML/data_Capture/dump-1741433315.pcap
2025-03-08 16:29:35 - Out folder: /home/zayn/Desktop/IDS-ML
2025-03-08 16:29:35 - CICFlowMeter received 1 pcap file
2025-03-08 16:55:56 - You select: /home/zayn/Desktop/IDS-ML/data_Capture/dump-1741434895.pcap
2025-03-08 16:55:56 - Out folder: /home/zayn/Desktop/IDS-ML
2025-03-08 16:55:58 - CICFlowMeter received 1 pcap file
2025-03-08 16:56:55 - You select: /home/zayn/Desktop/IDS-ML/data_Capture/dump-1741434955.pcap
2025-03-08 16:56:55 - Out folder: /home/zayn/Desktop/IDS-ML
2025-03-08 16:56:56 - CICFlowMeter received 1 pcap file
2025-03-08 16:57:55 - You select: /home/zayn/Desktop/IDS-ML/data_Capture/dump-1741435015.pcap
2025-03-08 16:57:55 - Out folder: /home/zayn/Desktop/IDS-ML
2025-03-08 16:57:55 - CICFlowMeter received 1 pcap file
2025-03-08 16:58:55 - You select: /home/zayn/Desktop/IDS-ML/data_Capture/dump-1741435075.pcap
2025-03-08 16:58:55 - Out folder: /home/zayn/Desktop/IDS-ML
2025-03-08 16:58:56 - CICFlowMeter received 1 pcap file
2025-03-08 16:59:56 - You select: /home/zayn/Desktop/IDS-ML/data_Capture/dump-1741435135.pcap
2025-03-08 16:59:56 - Out folder: /home/zayn/Desktop/IDS-ML
2025-03-08 16:59:56 - CICFlowMeter received 1 pcap file
2025-03-08 17:00:56 - You select: /home/zayn/Desktop/IDS-ML/data_Capture/dump-1741435195.pcap
2025-03-08 17:00:56 - Out folder: /home/zayn/Desktop/IDS-ML
2025-03-08 17:00:56 - CICFlowMeter received 1 pcap file
2025-03-08 17:14:51 - You select: /home/zayn/Desktop/IDS-ML/data_Capture/dump-1741436030.pcap
2025-03-08 17:14:51 - Out folder: /home/zayn/Desktop/IDS-ML
2025-03-08 17:14:51 - CICFlowMeter received 1 pcap file
2025-03-08 17:15:51 - You select: /home/zayn/Desktop/IDS-ML/data_Capture/dump-1741436090.pcap
2025-03-08 17:15:51 - Out folder: /home/zayn/Desktop/IDS-ML
2025-03-08 17:15:52 - CICFlowMeter received 1 pcap file
2025-03-08 17:22:03 - You select: /home/zayn/Desktop/IDS-ML/data_Capture/dump-1741436462.pcap
2025-03-08 17:22:03 - Out folder: /home/zayn/Desktop/IDS-ML
2025-03-08 17:22:03 - CICFlowMeter received 1 pcap file
2025-03-08 17:23:03 - You select: /home/zayn/Desktop/IDS-ML/data_Capture/dump-1741436522.pcap
2025-03-08 17:23:03 - Out folder: /home/zayn/Desktop/IDS-ML
2025-03-08 17:23:03 - CICFlowMeter received 1 pcap file
2025-03-08 17:24:03 - You select: /home/zayn/Desktop/IDS-ML/data_Capture/dump-1741436582.pcap
2025-03-08 17:24:03 - Out folder: /home/zayn/Desktop/IDS-ML
2025-03-08 17:24:03 - CICFlowMeter received 1 pcap file
2025-03-08 17:25:03 - You select: /home/zayn/Desktop/IDS-ML/data_Capture/dump-1741436642.pcap
2025-03-08 17:25:03 - Out folder: /home/zayn/Desktop/IDS-ML
2025-03-08 17:25:03 - CICFlowMeter received 1 pcap file
2025-03-10 16:34:25 - You select: /home/zayn/Desktop/IDS-ML/data_Capture/dump-1741606403.pcap
2025-03-10 16:34:25 - Out folder: /home/zayn/Desktop/IDS-ML
2025-03-10 16:34:26 - CICFlowMeter received 1 pcap file
2025-03-10 16:35:23 - You select: /home/zayn/Desktop/IDS-ML/data_Capture/dump-1741606463.pcap
2025-03-10 16:35:23 - Out folder: /home/zayn/Desktop/IDS-ML
2025-03-10 16:35:24 - CICFlowMeter received 1 pcap file
2025-03-10 16:36:24 - You select: /home/zayn/Desktop/IDS-ML/data_Capture/dump-1741606523.pcap
2025-03-10 16:36:24 - Out folder: /home/zayn/Desktop/IDS-ML
2025-03-10 16:36:24 - CICFlowMeter received 1 pcap file
2025-03-10 16:37:24 - You select: /home/zayn/Desktop/IDS-ML/data_Capture/dump-1741606583.pcap
2025-03-10 16:37:24 - Out folder: /home/zayn/Desktop/IDS-ML
2025-03-10 16:37:25 - CICFlowMeter received 1 pcap file
2025-03-10 16:38:24 - You select: /home/zayn/Desktop/IDS-ML/data_Capture/dump-1741606643.pcap
2025-03-10 16:38:24 - Out folder: /home/zayn/Desktop/IDS-ML
2025-03-10 16:38:24 - CICFlowMeter received 1 pcap file
2025-03-10 16:39:24 - You select: /home/zayn/Desktop/IDS-ML/data_Capture/dump-1741606703.pcap
2025-03-10 16:39:24 - Out folder: /home/zayn/Desktop/IDS-ML
2025-03-10 16:39:24 - CICFlowMeter received 1 pcap file
2025-03-10 16:40:25 - You select: /home/zayn/Desktop/IDS-ML/data_Capture/dump-1741606763.pcap
2025-03-10 16:40:25 - Out folder: /home/zayn/Desktop/IDS-ML
2025-03-10 16:40:26 - CICFlowMeter received 1 pcap file
2025-03-10 16:41:23 - You select: /home/zayn/Desktop/IDS-ML/data_Capture/dump-1741606823.pcap
2025-03-10 16:41:23 - Out folder: /home/zayn/Desktop/IDS-ML
2025-03-10 16:41:24 - CICFlowMeter received 1 pcap file
2025-03-10 16:42:23 - You select: /home/zayn/Desktop/IDS-ML/data_Capture/dump-1741606883.pcap
2025-03-10 16:42:23 - Out folder: /home/zayn/Desktop/IDS-ML
2025-03-10 16:42:24 - CICFlowMeter received 1 pcap file
2025-03-10 16:43:23 - You select: /home/zayn/Desktop/IDS-ML/data_Capture/dump-1741606943.pcap
2025-03-10 16:43:23 - Out folder: /home/zayn/Desktop/IDS-ML
2025-03-10 16:43:24 - CICFlowMeter received 1 pcap file
2025-03-10 16:44:23 - You select: /home/zayn/Desktop/IDS-ML/data_Capture/dump-1741607003.pcap
2025-03-10 16:44:23 - Out folder: /home/zayn/Desktop/IDS-ML
2025-03-10 16:44:24 - CICFlowMeter received 1 pcap file
2025-03-10 16:45:23 - You select: /home/zayn/Desktop/IDS-ML/data_Capture/dump-1741607063.pcap
2025-03-10 16:45:23 - Out folder: /home/zayn/Desktop/IDS-ML
2025-03-10 16:45:24 - CICFlowMeter received 1 pcap file
2025-03-10 16:46:23 - You select: /home/zayn/Desktop/IDS-ML/data_Capture/dump-1741607123.pcap
2025-03-10 16:46:23 - Out folder: /home/zayn/Desktop/IDS-ML
2025-03-10 16:46:24 - CICFlowMeter received 1 pcap file
2025-03-10 16:47:24 - You select: /home/zayn/Desktop/IDS-ML/data_Capture/dump-1741607183.pcap
2025-03-10 16:47:24 - Out folder: /home/zayn/Desktop/IDS-ML
2025-03-10 16:47:24 - CICFlowMeter received 1 pcap file
2025-03-10 16:48:23 - You select: /home/zayn/Desktop/IDS-ML/data_Capture/dump-1741607243.pcap
2025-03-10 16:48:23 - Out folder: /home/zayn/Desktop/IDS-ML
2025-03-10 16:48:24 - CICFlowMeter received 1 pcap file
2025-03-10 16:53:30 - You select: /home/zayn/Desktop/IDS-ML/data_Capture/dump-1741607549.pcap
2025-03-10 16:53:30 - Out folder: /home/zayn/Desktop/IDS-ML
2025-03-10 16:53:30 - CICFlowMeter received 1 pcap file
2025-03-10 16:54:30 - You select: /home/zayn/Desktop/IDS-ML/data_Capture/dump-1741607609.pcap
2025-03-10 16:54:30 - Out folder: /home/zayn/Desktop/IDS-ML
2025-03-10 16:54:30 - CICFlowMeter received 1 pcap file
2025-03-10 16:55:30 - You select: /home/zayn/Desktop/IDS-ML/data_Capture/dump-1741607669.pcap
2025-03-10 16:55:30 - Out folder: /home/zayn/Desktop/IDS-ML
2025-03-10 16:55:30 - CICFlowMeter received 1 pcap file
2025-03-10 16:56:30 - You select: /home/zayn/Desktop/IDS-ML/data_Capture/dump-1741607729.pcap
2025-03-10 16:56:30 - Out folder: /home/zayn/Desktop/IDS-ML
2025-03-10 16:56:30 - CICFlowMeter received 1 pcap file
2025-03-10 16:57:30 - You select: /home/zayn/Desktop/IDS-ML/data_Capture/dump-1741607789.pcap
2025-03-10 16:57:30 - Out folder: /home/zayn/Desktop/IDS-ML
2025-03-10 16:57:30 - CICFlowMeter received 1 pcap file
2025-03-10 16:58:30 - You select: /home/zayn/Desktop/IDS-ML/data_Capture/dump-1741607849.pcap
2025-03-10 16:58:30 - Out folder: /home/zayn/Desktop/IDS-ML
2025-03-10 16:58:31 - CICFlowMeter received 1 pcap file
2025-03-10 16:59:30 - You select: /home/zayn/Desktop/IDS-ML/data_Capture/dump-1741607909.pcap
2025-03-10 16:59:30 - Out folder: /home/zayn/Desktop/IDS-ML
2025-03-10 16:59:30 - CICFlowMeter received 1 pcap file
2025-03-10 17:00:30 - You select: /home/zayn/Desktop/IDS-ML/data_Capture/dump-1741607969.pcap
2025-03-10 17:00:30 - Out folder: /home/zayn/Desktop/IDS-ML
2025-03-10 17:00:30 - CICFlowMeter received 1 pcap file
2025-03-10 17:01:30 - You select: /home/zayn/Desktop/IDS-ML/data_Capture/dump-1741608029.pcap
2025-03-10 17:01:30 - Out folder: /home/zayn/Desktop/IDS-ML
2025-03-10 17:01:30 - CICFlowMeter received 1 pcap file
2025-03-10 17:02:30 - You select: /home/zayn/Desktop/IDS-ML/data_Capture/dump-1741608089.pcap
2025-03-10 17:02:30 - Out folder: /home/zayn/Desktop/IDS-ML
2025-03-10 17:02:30 - CICFlowMeter received 1 pcap file
2025-03-10 17:03:30 - You select: /home/zayn/Desktop/IDS-ML/data_Capture/dump-1741608149.pcap
2025-03-10 17:03:30 - Out folder: /home/zayn/Desktop/IDS-ML
2025-03-10 17:03:30 - CICFlowMeter received 1 pcap file
2025-03-10 17:04:30 - You select: /home/zayn/Desktop/IDS-ML/data_Capture/dump-1741608209.pcap
2025-03-10 17:04:30 - Out folder: /home/zayn/Desktop/IDS-ML
2025-03-10 17:04:30 - CICFlowMeter received 1 pcap file
2025-03-10 17:05:30 - You select: /home/zayn/Desktop/IDS-ML/data_Capture/dump-1741608269.pcap
2025-03-10 17:05:30 - Out folder: /home/zayn/Desktop/IDS-ML
2025-03-10 17:05:30 - CICFlowMeter received 1 pcap file
2025-03-10 17:06:30 - You select: /home/zayn/Desktop/IDS-ML/data_Capture/dump-1741608329.pcap
2025-03-10 17:06:30 - Out folder: /home/zayn/Desktop/IDS-ML
2025-03-10 17:06:30 - CICFlowMeter received 1 pcap file
2025-03-10 17:07:30 - You select: /home/zayn/Desktop/IDS-ML/data_Capture/dump-1741608389.pcap
2025-03-10 17:07:30 - Out folder: /home/zayn/Desktop/IDS-ML
2025-03-10 17:07:31 - CICFlowMeter received 1 pcap file
2025-03-10 17:08:30 - You select: /home/zayn/Desktop/IDS-ML/data_Capture/dump-1741608449.pcap
2025-03-10 17:08:30 - Out folder: /home/zayn/Desktop/IDS-ML
2025-03-10 17:08:30 - CICFlowMeter received 1 pcap file
2025-03-10 17:09:30 - You select: /home/zayn/Desktop/IDS-ML/data_Capture/dump-1741608509.pcap
2025-03-10 17:09:30 - Out folder: /home/zayn/Desktop/IDS-ML
2025-03-10 17:09:31 - CICFlowMeter received 1 pcap file
2025-03-10 17:10:30 - You select: /home/zayn/Desktop/IDS-ML/data_Capture/dump-1741608569.pcap
2025-03-10 17:10:30 - Out folder: /home/zayn/Desktop/IDS-ML
2025-03-10 17:10:30 - CICFlowMeter received 1 pcap file
2025-03-10 17:11:30 - You select: /home/zayn/Desktop/IDS-ML/data_Capture/dump-1741608629.pcap
2025-03-10 17:11:30 - Out folder: /home/zayn/Desktop/IDS-ML
2025-03-10 17:11:30 - CICFlowMeter received 1 pcap file
2025-03-18 12:40:55 - You select: /home/zayn/Desktop/IDS-ML/data_Capture/dump-1742283594.pcap
2025-03-18 12:40:55 - Out folder: /home/zayn/Desktop/IDS-ML
2025-03-18 12:40:56 - CICFlowMeter received 1 pcap file
2025-03-18 12:41:54 - You select: /home/zayn/Desktop/IDS-ML/data_Capture/dump-1742283654.pcap
2025-03-18 12:41:54 - Out folder: /home/zayn/Desktop/IDS-ML
2025-03-18 12:41:54 - CICFlowMeter received 1 pcap file
2025-03-18 12:42:54 - You select: /home/zayn/Desktop/IDS-ML/data_Capture/dump-1742283714.pcap
2025-03-18 12:42:54 - Out folder: /home/zayn/Desktop/IDS-ML
2025-03-18 12:42:54 - CICFlowMeter received 1 pcap file
2025-03-18 12:43:54 - You select: /home/zayn/Desktop/IDS-ML/data_Capture/dump-1742283774.pcap
2025-03-18 12:43:54 - Out folder: /home/zayn/Desktop/IDS-ML
2025-03-18 12:43:54 - CICFlowMeter received 1 pcap file
2025-03-18 12:44:54 - You select: /home/zayn/Desktop/IDS-ML/data_Capture/dump-1742283834.pcap
2025-03-18 12:44:54 - Out folder: /home/zayn/Desktop/IDS-ML
2025-03-18 12:44:55 - CICFlowMeter received 1 pcap file
2025-03-18 12:45:54 - You select: /home/zayn/Desktop/IDS-ML/data_Capture/dump-1742283894.pcap
2025-03-18 12:45:54 - Out folder: /home/zayn/Desktop/IDS-ML
2025-03-18 12:45:55 - CICFlowMeter received 1 pcap file
2025-04-26 13:32:01 - You select: /home/zayn/Desktop/IDS-ML/data_Capture/dump-1745656260.pcap
2025-04-26 13:32:01 - Out folder: /home/zayn/Desktop/IDS-ML
2025-04-26 13:32:02 - CICFlowMeter received 1 pcap file
2025-04-26 13:33:01 - You select: /home/zayn/Desktop/IDS-ML/data_Capture/dump-1745656320.pcap
2025-04-26 13:33:01 - Out folder: /home/zayn/Desktop/IDS-ML
2025-04-26 13:33:01 - CICFlowMeter received 1 pcap file
2025-05-04 16:40:40 - You select: /home/zayn/Desktop/IDS-ML/data_Capture/dump-1746358779.pcap
2025-05-04 16:40:40 - Out folder: /home/zayn/Desktop/IDS-ML
2025-05-04 16:40:41 - CICFlowMeter received 1 pcap file
2025-05-04 16:41:40 - You select: /home/zayn/Desktop/IDS-ML/data_Capture/dump-1746358839.pcap
2025-05-04 16:41:40 - Out folder: /home/zayn/Desktop/IDS-ML
2025-05-04 16:41:40 - CICFlowMeter received 1 pcap file
2025-05-04 16:42:40 - You select: /home/zayn/Desktop/IDS-ML/data_Capture/dump-1746358899.pcap
2025-05-04 16:42:40 - Out folder: /home/zayn/Desktop/IDS-ML
2025-05-04 16:42:40 - CICFlowMeter received 1 pcap file
2025-05-04 16:43:40 - You select: /home/zayn/Desktop/IDS-ML/data_Capture/dump-1746358959.pcap
2025-05-04 16:43:40 - Out folder: /home/zayn/Desktop/IDS-ML
2025-05-04 16:43:40 - CICFlowMeter received 1 pcap file
2025-05-04 16:44:40 - You select: /home/zayn/Desktop/IDS-ML/data_Capture/dump-1746359019.pcap
2025-05-04 16:44:40 - Out folder: /home/zayn/Desktop/IDS-ML
2025-05-04 16:44:40 - CICFlowMeter received 1 pcap file
2025-05-04 16:45:40 - You select: /home/zayn/Desktop/IDS-ML/data_Capture/dump-1746359079.pcap
2025-05-04 16:45:40 - Out folder: /home/zayn/Desktop/IDS-ML
2025-05-04 16:45:40 - CICFlowMeter received 1 pcap file
2025-05-04 16:56:21 - You select: /home/zayn/Desktop/IDS-ML/data_Capture/dump-1746359721.pcap
2025-05-04 16:56:21 - Out folder: /home/zayn/Desktop/IDS-ML
2025-05-04 16:56:22 - CICFlowMeter received 1 pcap file
2025-05-04 16:57:21 - You select: /home/zayn/Desktop/IDS-ML/data_Capture/dump-1746359781.pcap
2025-05-04 16:57:21 - Out folder: /home/zayn/Desktop/IDS-ML
2025-05-04 16:57:21 - CICFlowMeter received 1 pcap file
2025-05-04 16:58:21 - You select: /home/zayn/Desktop/IDS-ML/data_Capture/dump-1746359841.pcap
2025-05-04 16:58:21 - Out folder: /home/zayn/Desktop/IDS-ML
2025-05-04 16:58:22 - CICFlowMeter received 1 pcap file
2025-05-04 16:59:21 - You select: /home/zayn/Desktop/IDS-ML/data_Capture/dump-1746359901.pcap
2025-05-04 16:59:21 - Out folder: /home/zayn/Desktop/IDS-ML
2025-05-04 16:59:22 - CICFlowMeter received 1 pcap file
2025-05-04 17:00:22 - You select: /home/zayn/Desktop/IDS-ML/data_Capture/dump-1746359961.pcap
2025-05-04 17:00:22 - Out folder: /home/zayn/Desktop/IDS-ML
2025-05-04 17:00:24 - CICFlowMeter received 1 pcap file
2025-05-04 17:01:21 - You select: /home/zayn/Desktop/IDS-ML/data_Capture/dump-1746360021.pcap
2025-05-04 17:01:21 - Out folder: /home/zayn/Desktop/IDS-ML
2025-05-04 17:01:22 - CICFlowMeter received 1 pcap file
2025-05-04 17:02:22 - You select: /home/zayn/Desktop/IDS-ML/data_Capture/dump-1746360081.pcap
2025-05-04 17:02:22 - Out folder: /home/zayn/Desktop/IDS-ML
2025-05-04 17:02:23 - CICFlowMeter received 1 pcap file
2025-05-04 17:03:21 - You select: /home/zayn/Desktop/IDS-ML/data_Capture/dump-1746360141.pcap
2025-05-04 17:03:21 - Out folder: /home/zayn/Desktop/IDS-ML
2025-05-04 17:03:22 - CICFlowMeter received 1 pcap file
2025-05-04 17:04:21 - You select: /home/zayn/Desktop/IDS-ML/data_Capture/dump-1746360201.pcap
2025-05-04 17:04:21 - Out folder: /home/zayn/Desktop/IDS-ML
2025-05-04 17:04:22 - CICFlowMeter received 1 pcap file
2025-05-04 17:05:21 - You select: /home/zayn/Desktop/IDS-ML/data_Capture/dump-1746360261.pcap
2025-05-04 17:05:21 - Out folder: /home/zayn/Desktop/IDS-ML
2025-05-04 17:05:22 - CICFlowMeter received 1 pcap file
2025-05-05 17:07:24 - You select: /home/zayn/Desktop/IDS-ML/data_Capture/dump-1746446783.pcap
2025-05-05 17:07:24 - Out folder: /home/zayn/Desktop/IDS-ML
2025-05-05 17:07:25 - CICFlowMeter received 1 pcap file
2025-05-05 17:08:24 - You select: /home/zayn/Desktop/IDS-ML/data_Capture/dump-1746446843.pcap
2025-05-05 17:08:24 - Out folder: /home/zayn/Desktop/IDS-ML
2025-05-05 17:08:24 - CICFlowMeter received 1 pcap file
2025-05-05 17:09:24 - You select: /home/zayn/Desktop/IDS-ML/data_Capture/dump-1746446903.pcap
2025-05-05 17:09:24 - Out folder: /home/zayn/Desktop/IDS-ML
2025-05-05 17:09:25 - CICFlowMeter received 1 pcap file
2025-05-06 04:24:47 - You select: /home/zayn/Desktop/IDS-ML/data_Capture/dump-1746487425.pcap
2025-05-06 04:24:47 - Out folder: /home/zayn/Desktop/IDS-ML
2025-05-06 04:24:48 - CICFlowMeter received 1 pcap file
2025-05-06 04:25:45 - You select: /home/zayn/Desktop/IDS-ML/data_Capture/dump-1746487485.pcap
2025-05-06 04:25:45 - Out folder: /home/zayn/Desktop/IDS-ML
2025-05-06 04:25:46 - CICFlowMeter received 1 pcap file
2025-05-06 04:29:02 - You select: /home/zayn/Desktop/IDS-ML/data_Capture/dump-1746487680.pcap
2025-05-06 04:29:02 - Out folder: /home/zayn/Desktop/IDS-ML
2025-05-06 04:29:03 - CICFlowMeter received 1 pcap file
2025-05-06 04:42:42 - You select: /home/zayn/Desktop/IDS-ML/data_Capture/dump-1746488501.pcap
2025-05-06 04:42:42 - Out folder: /home/zayn/Desktop/IDS-ML
2025-05-06 04:42:43 - CICFlowMeter received 1 pcap file
2025-05-06 05:00:33 - You select: /home/zayn/Desktop/IDS-ML/data_Capture/dump-1746489572.pcap
2025-05-06 05:00:33 - Out folder: /home/zayn/Desktop/IDS-ML
2025-05-06 05:00:33 - CICFlowMeter received 1 pcap file
2025-05-06 05:07:57 - You select: /home/zayn/Desktop/IDS-ML/data_Capture/dump-1746490017.pcap
2025-05-06 05:07:57 - Out folder: /home/zayn/Desktop/IDS-ML
2025-05-06 05:07:58 - CICFlowMeter received 1 pcap file
2025-05-06 05:26:50 - You select: /home/zayn/Desktop/IDS-ML/data_Capture/dump-1746491149.pcap
2025-05-06 05:26:50 - Out folder: /home/zayn/Desktop/IDS-ML
2025-05-06 05:26:50 - CICFlowMeter received 1 pcap file
2025-05-06 05:27:50 - You select: /home/zayn/Desktop/IDS-ML/data_Capture/dump-1746491209.pcap
2025-05-06 05:27:50 - Out folder: /home/zayn/Desktop/IDS-ML
2025-05-06 05:27:50 - CICFlowMeter received 1 pcap file
2025-05-06 05:28:50 - You select: /home/zayn/Desktop/IDS-ML/data_Capture/dump-1746491269.pcap
2025-05-06 05:28:50 - Out folder: /home/zayn/Desktop/IDS-ML
2025-05-06 05:28:50 - CICFlowMeter received 1 pcap file
2025-05-06 05:29:50 - You select: /home/zayn/Desktop/IDS-ML/data_Capture/dump-1746491329.pcap
2025-05-06 05:29:50 - Out folder: /home/zayn/Desktop/IDS-ML
2025-05-06 05:29:50 - CICFlowMeter received 1 pcap file
2025-05-06 05:30:50 - You select: /home/zayn/Desktop/IDS-ML/data_Capture/dump-1746491389.pcap
2025-05-06 05:30:50 - Out folder: /home/zayn/Desktop/IDS-ML
2025-05-06 05:30:50 - CICFlowMeter received 1 pcap file
2025-05-06 05:36:50 - You select: /home/zayn/Desktop/IDS-ML/data_Capture/dump-1746491749.pcap
2025-05-06 05:36:50 - Out folder: /home/zayn/Desktop/IDS-ML
2025-05-06 05:36:50 - CICFlowMeter received 1 pcap file
2025-05-06 05:37:50 - You select: /home/zayn/Desktop/IDS-ML/data_Capture/dump-1746491809.pcap
2025-05-06 05:37:50 - Out folder: /home/zayn/Desktop/IDS-ML
2025-05-06 05:37:50 - CICFlowMeter received 1 pcap file
2025-05-06 05:38:50 - You select: /home/zayn/Desktop/IDS-ML/data_Capture/dump-1746491869.pcap
2025-05-06 05:38:50 - Out folder: /home/zayn/Desktop/IDS-ML
2025-05-06 05:38:50 - CICFlowMeter received 1 pcap file
2025-05-06 05:39:50 - You select: /home/zayn/Desktop/IDS-ML/data_Capture/dump-1746491929.pcap
2025-05-06 05:39:50 - Out folder: /home/zayn/Desktop/IDS-ML
2025-05-06 05:39:50 - CICFlowMeter received 1 pcap file
2025-05-06 05:40:50 - You select: /home/zayn/Desktop/IDS-ML/data_Capture/dump-1746491989.pcap
2025-05-06 05:40:50 - Out folder: /home/zayn/Desktop/IDS-ML
2025-05-06 05:40:51 - CICFlowMeter received 1 pcap file
2025-05-06 05:41:50 - You select: /home/zayn/Desktop/IDS-ML/data_Capture/dump-1746492049.pcap
2025-05-06 05:41:50 - Out folder: /home/zayn/Desktop/IDS-ML
2025-05-06 05:41:50 - CICFlowMeter received 1 pcap file
2025-05-06 13:14:02 - You select: /home/zayn/Desktop/IDS-ML/data_Capture/dump-1746492109.pcap
2025-05-06 13:14:02 - Out folder: /home/zayn/Desktop/IDS-ML
2025-05-06 13:14:03 - CICFlowMeter received 1 pcap file
2025-05-06 13:15:02 - You select: /home/zayn/Desktop/IDS-ML/data_Capture/dump-1746519241.pcap
2025-05-06 13:15:02 - Out folder: /home/zayn/Desktop/IDS-ML
2025-05-06 13:15:03 - CICFlowMeter received 1 pcap file
2025-05-06 13:26:47 - You select: /home/zayn/Desktop/IDS-ML/data_Capture/dump-1746519946.pcap
2025-05-06 13:26:47 - Out folder: /home/zayn/Desktop/IDS-ML
2025-05-06 13:26:47 - CICFlowMeter received 1 pcap file
2025-05-06 13:27:47 - You select: /home/zayn/Desktop/IDS-ML/data_Capture/dump-1746520006.pcap
2025-05-06 13:27:47 - Out folder: /home/zayn/Desktop/IDS-ML
2025-05-06 13:27:47 - CICFlowMeter received 1 pcap file
2025-05-06 13:28:47 - You select: /home/zayn/Desktop/IDS-ML/data_Capture/dump-1746520066.pcap
2025-05-06 13:28:47 - Out folder: /home/zayn/Desktop/IDS-ML
2025-05-06 13:28:47 - CICFlowMeter received 1 pcap file
2025-05-06 13:35:47 - You select: /home/zayn/Desktop/IDS-ML/data_Capture/dump-1746520486.pcap
2025-05-06 13:35:47 - Out folder: /home/zayn/Desktop/IDS-ML
2025-05-06 13:35:47 - CICFlowMeter received 1 pcap file
2025-05-06 13:36:47 - You select: /home/zayn/Desktop/IDS-ML/data_Capture/dump-1746520546.pcap
2025-05-06 13:36:47 - Out folder: /home/zayn/Desktop/IDS-ML
2025-05-06 13:36:47 - CICFlowMeter received 1 pcap file
2025-05-06 13:37:47 - You select: /home/zayn/Desktop/IDS-ML/data_Capture/dump-1746520606.pcap
2025-05-06 13:37:47 - Out folder: /home/zayn/Desktop/IDS-ML
2025-05-06 13:37:48 - CICFlowMeter received 1 pcap file
2025-05-06 13:38:47 - You select: /home/zayn/Desktop/IDS-ML/data_Capture/dump-1746520666.pcap
2025-05-06 13:38:47 - Out folder: /home/zayn/Desktop/IDS-ML
2025-05-06 13:38:48 - CICFlowMeter received 1 pcap file
2025-05-06 13:39:47 - You select: /home/zayn/Desktop/IDS-ML/data_Capture/dump-1746520726.pcap
2025-05-06 13:39:47 - Out folder: /home/zayn/Desktop/IDS-ML
2025-05-06 13:39:47 - CICFlowMeter received 1 pcap file
2025-05-06 13:40:47 - You select: /home/zayn/Desktop/IDS-ML/data_Capture/dump-1746520786.pcap
2025-05-06 13:40:47 - Out folder: /home/zayn/Desktop/IDS-ML
2025-05-06 13:40:47 - CICFlowMeter received 1 pcap file
2025-05-06 13:42:47 - You select: /home/zayn/Desktop/IDS-ML/data_Capture/dump-1746520906.pcap
2025-05-06 13:42:47 - Out folder: /home/zayn/Desktop/IDS-ML
2025-05-06 13:42:47 - CICFlowMeter received 1 pcap file
2025-05-06 13:43:47 - You select: /home/zayn/Desktop/IDS-ML/data_Capture/dump-1746520966.pcap
2025-05-06 13:43:47 - Out folder: /home/zayn/Desktop/IDS-ML
2025-05-06 13:43:47 - CICFlowMeter received 1 pcap file
2025-05-06 13:44:47 - You select: /home/zayn/Desktop/IDS-ML/data_Capture/dump-1746521026.pcap
2025-05-06 13:44:47 - Out folder: /home/zayn/Desktop/IDS-ML
2025-05-06 13:44:47 - CICFlowMeter received 1 pcap file
2025-05-06 13:46:47 - You select: /home/zayn/Desktop/IDS-ML/data_Capture/dump-1746521146.pcap
2025-05-06 13:46:47 - Out folder: /home/zayn/Desktop/IDS-ML
2025-05-06 13:46:48 - CICFlowMeter received 1 pcap file
2025-05-06 13:47:47 - You select: /home/zayn/Desktop/IDS-ML/data_Capture/dump-1746521206.pcap
2025-05-06 13:47:47 - Out folder: /home/zayn/Desktop/IDS-ML
2025-05-06 13:47:47 - CICFlowMeter received 1 pcap file
2025-05-06 13:48:47 - You select: /home/zayn/Desktop/IDS-ML/data_Capture/dump-1746521266.pcap
2025-05-06 13:48:47 - Out folder: /home/zayn/Desktop/IDS-ML
2025-05-06 13:48:47 - CICFlowMeter received 1 pcap file
2025-05-06 13:50:47 - You select: /home/zayn/Desktop/IDS-ML/data_Capture/dump-1746521386.pcap
2025-05-06 13:50:47 - Out folder: /home/zayn/Desktop/IDS-ML
2025-05-06 13:50:47 - CICFlowMeter received 1 pcap file
2025-05-06 13:51:47 - You select: /home/zayn/Desktop/IDS-ML/data_Capture/dump-1746521446.pcap
2025-05-06 13:51:47 - Out folder: /home/zayn/Desktop/IDS-ML
2025-05-06 13:51:47 - CICFlowMeter received 1 pcap file
2025-05-06 13:55:47 - You select: /home/zayn/Desktop/IDS-ML/data_Capture/dump-1746521686.pcap
2025-05-06 13:55:47 - Out folder: /home/zayn/Desktop/IDS-ML
2025-05-06 13:55:47 - CICFlowMeter received 1 pcap file
2025-05-06 13:56:47 - You select: /home/zayn/Desktop/IDS-ML/data_Capture/dump-1746521746.pcap
2025-05-06 13:56:47 - Out folder: /home/zayn/Desktop/IDS-ML
2025-05-06 13:56:47 - CICFlowMeter received 1 pcap file
2025-05-06 13:59:47 - You select: /home/zayn/Desktop/IDS-ML/data_Capture/dump-1746521926.pcap
2025-05-06 13:59:47 - Out folder: /home/zayn/Desktop/IDS-ML
2025-05-06 13:59:47 - CICFlowMeter received 1 pcap file
2025-05-06 14:00:47 - You select: /home/zayn/Desktop/IDS-ML/data_Capture/dump-1746521986.pcap
2025-05-06 14:00:47 - Out folder: /home/zayn/Desktop/IDS-ML
2025-05-06 14:00:47 - CICFlowMeter received 1 pcap file
2025-05-06 14:14:48 - You select: /home/zayn/Desktop/IDS-ML/data_Capture/dump-1746522827.pcap
2025-05-06 14:14:48 - Out folder: /home/zayn/Desktop/IDS-ML
2025-05-06 14:14:48 - CICFlowMeter received 1 pcap file
2025-05-06 14:15:47 - You select: /home/zayn/Desktop/IDS-ML/data_Capture/dump-1746522887.pcap
2025-05-06 14:15:47 - Out folder: /home/zayn/Desktop/IDS-ML
2025-05-06 14:15:48 - CICFlowMeter received 1 pcap file
2025-05-06 14:17:47 - You select: /home/zayn/Desktop/IDS-ML/data_Capture/dump-1746523007.pcap
2025-05-06 14:17:47 - Out folder: /home/zayn/Desktop/IDS-ML
2025-05-06 14:17:47 - CICFlowMeter received 1 pcap file
2025-05-06 14:28:47 - You select: /home/zayn/Desktop/IDS-ML/data_Capture/dump-1746523667.pcap
2025-05-06 14:28:47 - Out folder: /home/zayn/Desktop/IDS-ML
2025-05-06 14:28:47 - CICFlowMeter received 1 pcap file
2025-05-06 14:29:47 - You select: /home/zayn/Desktop/IDS-ML/data_Capture/dump-1746523727.pcap
2025-05-06 14:29:47 - Out folder: /home/zayn/Desktop/IDS-ML
2025-05-06 14:29:47 - CICFlowMeter received 1 pcap file
2025-05-06 14:30:48 - You select: /home/zayn/Desktop/IDS-ML/data_Capture/dump-1746523787.pcap
2025-05-06 14:30:48 - Out folder: /home/zayn/Desktop/IDS-ML
2025-05-06 14:30:49 - CICFlowMeter received 1 pcap file
2025-05-06 14:31:47 - You select: /home/zayn/Desktop/IDS-ML/data_Capture/dump-1746523847.pcap
2025-05-06 14:31:47 - Out folder: /home/zayn/Desktop/IDS-ML
2025-05-06 14:31:48 - CICFlowMeter received 1 pcap file
2025-05-06 14:32:47 - You select: /home/zayn/Desktop/IDS-ML/data_Capture/dump-1746523907.pcap
2025-05-06 14:32:47 - Out folder: /home/zayn/Desktop/IDS-ML
2025-05-06 14:32:48 - CICFlowMeter received 1 pcap file
2025-05-06 14:39:47 - You select: /home/zayn/Desktop/IDS-ML/data_Capture/dump-1746524327.pcap
2025-05-06 14:39:47 - Out folder: /home/zayn/Desktop/IDS-ML
2025-05-06 14:39:48 - CICFlowMeter received 1 pcap file
2025-05-06 14:40:47 - You select: /home/zayn/Desktop/IDS-ML/data_Capture/dump-1746524387.pcap
2025-05-06 14:40:47 - Out folder: /home/zayn/Desktop/IDS-ML
2025-05-06 14:40:48 - CICFlowMeter received 1 pcap file
2025-05-06 14:44:47 - You select: /home/zayn/Desktop/IDS-ML/data_Capture/dump-1746524627.pcap
2025-05-06 14:44:47 - Out folder: /home/zayn/Desktop/IDS-ML
2025-05-06 14:44:48 - CICFlowMeter received 1 pcap file
2025-05-06 14:46:47 - You select: /home/zayn/Desktop/IDS-ML/data_Capture/dump-1746524747.pcap
2025-05-06 14:46:47 - Out folder: /home/zayn/Desktop/IDS-ML
2025-05-06 14:46:48 - CICFlowMeter received 1 pcap file
2025-05-06 14:47:47 - You select: /home/zayn/Desktop/IDS-ML/data_Capture/dump-1746524807.pcap
2025-05-06 14:47:47 - Out folder: /home/zayn/Desktop/IDS-ML
2025-05-06 14:47:48 - CICFlowMeter received 1 pcap file
2025-05-06 14:50:47 - You select: /home/zayn/Desktop/IDS-ML/data_Capture/dump-1746524987.pcap
2025-05-06 14:50:47 - Out folder: /home/zayn/Desktop/IDS-ML
2025-05-06 14:50:48 - CICFlowMeter received 1 pcap file
2025-05-06 15:05:48 - You select: /home/zayn/Desktop/IDS-ML/data_Capture/dump-1746525887.pcap
2025-05-06 15:05:48 - Out folder: /home/zayn/Desktop/IDS-ML
2025-05-06 15:05:48 - CICFlowMeter received 1 pcap file
2025-05-06 15:06:48 - You select: /home/zayn/Desktop/IDS-ML/data_Capture/dump-1746525947.pcap
2025-05-06 15:06:48 - Out folder: /home/zayn/Desktop/IDS-ML
2025-05-06 15:06:48 - CICFlowMeter received 1 pcap file
2025-05-06 15:07:48 - You select: /home/zayn/Desktop/IDS-ML/data_Capture/dump-1746526007.pcap
2025-05-06 15:07:48 - Out folder: /home/zayn/Desktop/IDS-ML
2025-05-06 15:07:49 - CICFlowMeter received 1 pcap file
2025-05-06 15:09:48 - You select: /home/zayn/Desktop/IDS-ML/data_Capture/dump-1746526127.pcap
2025-05-06 15:09:48 - Out folder: /home/zayn/Desktop/IDS-ML
2025-05-06 15:09:48 - CICFlowMeter received 1 pcap file
2025-05-06 15:13:47 - You select: /home/zayn/Desktop/IDS-ML/data_Capture/dump-1746526367.pcap
2025-05-06 15:13:47 - Out folder: /home/zayn/Desktop/IDS-ML
2025-05-06 15:13:48 - CICFlowMeter received 1 pcap file
2025-05-06 15:14:48 - You select: /home/zayn/Desktop/IDS-ML/data_Capture/dump-1746526427.pcap
2025-05-06 15:14:48 - Out folder: /home/zayn/Desktop/IDS-ML
2025-05-06 15:14:48 - CICFlowMeter received 1 pcap file
2025-05-06 15:15:47 - You select: /home/zayn/Desktop/IDS-ML/data_Capture/dump-1746526487.pcap
2025-05-06 15:15:47 - Out folder: /home/zayn/Desktop/IDS-ML
2025-05-06 15:15:48 - CICFlowMeter received 1 pcap file
2025-05-06 15:16:47 - You select: /home/zayn/Desktop/IDS-ML/data_Capture/dump-1746526547.pcap
2025-05-06 15:16:47 - Out folder: /home/zayn/Desktop/IDS-ML
2025-05-06 15:16:48 - CICFlowMeter received 1 pcap file
2025-05-06 15:17:47 - You select: /home/zayn/Desktop/IDS-ML/data_Capture/dump-1746526607.pcap
2025-05-06 15:17:47 - Out folder: /home/zayn/Desktop/IDS-ML
2025-05-06 15:17:48 - CICFlowMeter received 1 pcap file
2025-05-06 15:18:47 - You select: /home/zayn/Desktop/IDS-ML/data_Capture/dump-1746526667.pcap
2025-05-06 15:18:47 - Out folder: /home/zayn/Desktop/IDS-ML
2025-05-06 15:18:48 - CICFlowMeter received 1 pcap file
2025-05-06 15:19:47 - You select: /home/zayn/Desktop/IDS-ML/data_Capture/dump-1746526727.pcap
2025-05-06 15:19:47 - Out folder: /home/zayn/Desktop/IDS-ML
2025-05-06 15:19:48 - CICFlowMeter received 1 pcap file
2025-05-06 15:20:48 - You select: /home/zayn/Desktop/IDS-ML/data_Capture/dump-1746526787.pcap
2025-05-06 15:20:48 - Out folder: /home/zayn/Desktop/IDS-ML
2025-05-06 15:20:48 - CICFlowMeter received 1 pcap file
2025-05-06 15:23:47 - You select: /home/zayn/Desktop/IDS-ML/data_Capture/dump-1746526967.pcap
2025-05-06 15:23:47 - Out folder: /home/zayn/Desktop/IDS-ML
2025-05-06 15:23:48 - CICFlowMeter received 1 pcap file
2025-05-06 15:27:47 - You select: /home/zayn/Desktop/IDS-ML/data_Capture/dump-1746527207.pcap
2025-05-06 15:27:47 - Out folder: /home/zayn/Desktop/IDS-ML
2025-05-06 15:27:48 - CICFlowMeter received 1 pcap file
2025-05-06 15:33:48 - You select: /home/zayn/Desktop/IDS-ML/data_Capture/dump-1746527567.pcap
2025-05-06 15:33:48 - Out folder: /home/zayn/Desktop/IDS-ML
2025-05-06 15:33:48 - CICFlowMeter received 1 pcap file
2025-05-06 15:34:48 - You select: /home/zayn/Desktop/IDS-ML/data_Capture/dump-1746527627.pcap
2025-05-06 15:34:48 - Out folder: /home/zayn/Desktop/IDS-ML
2025-05-06 15:34:48 - CICFlowMeter received 1 pcap file
2025-05-06 15:35:48 - You select: /home/zayn/Desktop/IDS-ML/data_Capture/dump-1746527687.pcap
2025-05-06 15:35:48 - Out folder: /home/zayn/Desktop/IDS-ML
2025-05-06 15:35:48 - CICFlowMeter received 1 pcap file
2025-05-06 15:36:48 - You select: /home/zayn/Desktop/IDS-ML/data_Capture/dump-1746527747.pcap
2025-05-06 15:36:48 - Out folder: /home/zayn/Desktop/IDS-ML
2025-05-06 15:36:48 - CICFlowMeter received 1 pcap file
2025-05-06 15:37:48 - You select: /home/zayn/Desktop/IDS-ML/data_Capture/dump-1746527807.pcap
2025-05-06 15:37:48 - Out folder: /home/zayn/Desktop/IDS-ML
2025-05-06 15:37:48 - CICFlowMeter received 1 pcap file
2025-05-06 15:41:48 - You select: /home/zayn/Desktop/IDS-ML/data_Capture/dump-1746528047.pcap
2025-05-06 15:41:48 - Out folder: /home/zayn/Desktop/IDS-ML
2025-05-06 15:41:48 - CICFlowMeter received 1 pcap file
2025-05-06 15:42:48 - You select: /home/zayn/Desktop/IDS-ML/data_Capture/dump-1746528107.pcap
2025-05-06 15:42:48 - Out folder: /home/zayn/Desktop/IDS-ML
2025-05-06 15:42:48 - CICFlowMeter received 1 pcap file
2025-05-06 16:18:48 - You select: /home/zayn/Desktop/IDS-ML/data_Capture/dump-1746530267.pcap
2025-05-06 16:18:48 - Out folder: /home/zayn/Desktop/IDS-ML
2025-05-06 16:18:48 - CICFlowMeter received 1 pcap file
2025-05-06 16:22:48 - You select: /home/zayn/Desktop/IDS-ML/data_Capture/dump-1746530507.pcap
2025-05-06 16:22:48 - Out folder: /home/zayn/Desktop/IDS-ML
2025-05-06 16:22:48 - CICFlowMeter received 1 pcap file
2025-05-06 16:37:48 - You select: /home/zayn/Desktop/IDS-ML/data_Capture/dump-1746531407.pcap
2025-05-06 16:37:48 - Out folder: /home/zayn/Desktop/IDS-ML
2025-05-06 16:37:48 - CICFlowMeter received 1 pcap file
2025-05-06 16:38:48 - You select: /home/zayn/Desktop/IDS-ML/data_Capture/dump-1746531467.pcap
2025-05-06 16:38:48 - Out folder: /home/zayn/Desktop/IDS-ML
2025-05-06 16:38:48 - CICFlowMeter received 1 pcap file
2025-05-06 16:39:48 - You select: /home/zayn/Desktop/IDS-ML/data_Capture/dump-1746531527.pcap
2025-05-06 16:39:48 - Out folder: /home/zayn/Desktop/IDS-ML
2025-05-06 16:39:48 - CICFlowMeter received 1 pcap file
2025-05-06 16:40:48 - You select: /home/zayn/Desktop/IDS-ML/data_Capture/dump-1746531587.pcap
2025-05-06 16:40:48 - Out folder: /home/zayn/Desktop/IDS-ML
2025-05-06 16:40:48 - CICFlowMeter received 1 pcap file
2025-05-06 16:45:48 - You select: /home/zayn/Desktop/IDS-ML/data_Capture/dump-1746531887.pcap
2025-05-06 16:45:48 - Out folder: /home/zayn/Desktop/IDS-ML
2025-05-06 16:45:48 - CICFlowMeter received 1 pcap file
2025-05-07 15:15:56 - You select: /home/zayn/Desktop/IDS-ML/data_Capture/dump-1746612895.pcap
2025-05-07 15:15:56 - Out folder: /home/zayn/Desktop/IDS-ML
2025-05-07 15:15:58 - CICFlowMeter received 1 pcap file
2025-05-07 15:20:56 - You select: /home/zayn/Desktop/IDS-ML/data_Capture/dump-1746613195.pcap
2025-05-07 15:20:56 - Out folder: /home/zayn/Desktop/IDS-ML
2025-05-07 15:20:57 - CICFlowMeter received 1 pcap file
2025-05-07 15:21:56 - You select: /home/zayn/Desktop/IDS-ML/data_Capture/dump-1746613255.pcap
2025-05-07 15:21:56 - Out folder: /home/zayn/Desktop/IDS-ML
2025-05-07 15:21:57 - CICFlowMeter received 1 pcap file
2025-05-07 15:22:56 - You select: /home/zayn/Desktop/IDS-ML/data_Capture/dump-1746613315.pcap
2025-05-07 15:22:56 - Out folder: /home/zayn/Desktop/IDS-ML
2025-05-07 15:22:57 - CICFlowMeter received 1 pcap file
2025-05-07 15:23:56 - You select: /home/zayn/Desktop/IDS-ML/data_Capture/dump-1746613375.pcap
2025-05-07 15:23:56 - Out folder: /home/zayn/Desktop/IDS-ML
2025-05-07 15:23:57 - CICFlowMeter received 1 pcap file
2025-05-07 15:24:56 - You select: /home/zayn/Desktop/IDS-ML/data_Capture/dump-1746613435.pcap
2025-05-07 15:24:56 - Out folder: /home/zayn/Desktop/IDS-ML
2025-05-07 15:24:57 - CICFlowMeter received 1 pcap file
2025-05-07 15:26:56 - You select: /home/zayn/Desktop/IDS-ML/data_Capture/dump-1746613555.pcap
2025-05-07 15:26:56 - Out folder: /home/zayn/Desktop/IDS-ML
2025-05-07 15:26:56 - CICFlowMeter received 1 pcap file
2025-05-07 15:28:56 - You select: /home/zayn/Desktop/IDS-ML/data_Capture/dump-1746613675.pcap
2025-05-07 15:28:56 - Out folder: /home/zayn/Desktop/IDS-ML
2025-05-07 15:28:57 - CICFlowMeter received 1 pcap file
2025-05-07 15:38:56 - You select: /home/zayn/Desktop/IDS-ML/data_Capture/dump-1746614276.pcap
2025-05-07 15:38:56 - Out folder: /home/zayn/Desktop/IDS-ML
2025-05-07 15:38:56 - CICFlowMeter received 1 pcap file
2025-05-07 15:40:56 - You select: /home/zayn/Desktop/IDS-ML/data_Capture/dump-1746614396.pcap
2025-05-07 15:40:56 - Out folder: /home/zayn/Desktop/IDS-ML
2025-05-07 15:40:56 - CICFlowMeter received 1 pcap file
2025-05-07 15:52:56 - You select: /home/zayn/Desktop/IDS-ML/data_Capture/dump-1746615116.pcap
2025-05-07 15:52:56 - Out folder: /home/zayn/Desktop/IDS-ML
2025-05-07 15:52:56 - CICFlowMeter received 1 pcap file
2025-05-07 15:53:56 - You select: /home/zayn/Desktop/IDS-ML/data_Capture/dump-1746615176.pcap
2025-05-07 15:53:56 - Out folder: /home/zayn/Desktop/IDS-ML
2025-05-07 15:53:56 - CICFlowMeter received 1 pcap file
2025-05-07 16:01:57 - You select: /home/zayn/Desktop/IDS-ML/data_Capture/dump-1746615656.pcap
2025-05-07 16:01:57 - Out folder: /home/zayn/Desktop/IDS-ML
2025-05-07 16:01:58 - CICFlowMeter received 1 pcap file
2025-05-07 16:30:56 - You select: /home/zayn/Desktop/IDS-ML/data_Capture/dump-1746617396.pcap
2025-05-07 16:30:56 - Out folder: /home/zayn/Desktop/IDS-ML
2025-05-07 16:30:57 - CICFlowMeter received 1 pcap file
